mode: atomic
leetcode/pkg/again/fullBloomFlowers/solution.go:7.60,11.33 3 3
leetcode/pkg/again/fullBloomFlowers/solution.go:11.33,19.3 5 9
leetcode/pkg/again/fullBloomFlowers/solution.go:21.2,31.30 7 3
leetcode/pkg/again/fullBloomFlowers/solution.go:31.30,33.10 2 18
leetcode/pkg/again/fullBloomFlowers/solution.go:33.10,34.12 1 2
leetcode/pkg/again/fullBloomFlowers/solution.go:37.3,41.23 4 16
leetcode/pkg/again/fullBloomFlowers/solution.go:44.2,46.27 2 3
leetcode/pkg/again/fullBloomFlowers/solution.go:46.27,49.3 2 17
leetcode/pkg/again/fullBloomFlowers/solution.go:51.2,51.12 1 3
leetcode/pkg/again/fullBloomFlowers/solution.go:54.47,57.12 2 17
leetcode/pkg/again/fullBloomFlowers/solution.go:57.12,60.23 2 48
leetcode/pkg/again/fullBloomFlowers/solution.go:60.23,62.4 1 28
leetcode/pkg/again/fullBloomFlowers/solution.go:62.9,64.4 1 20
leetcode/pkg/again/fullBloomFlowers/solution.go:67.2,67.10 1 17
leetcode/pkg/again/numOfArrays/solution.go:11.24,13.2 1 3
leetcode/pkg/again/numOfArrays/solution.go:15.49,17.2 1 57
leetcode/pkg/again/numOfArrays/solution.go:19.56,22.2 2 25
leetcode/pkg/again/numOfArrays/solution.go:24.55,27.2 2 32
leetcode/pkg/again/numOfArrays/solution.go:29.43,34.54 3 3
leetcode/pkg/again/numOfArrays/solution.go:34.54,35.13 1 48
leetcode/pkg/again/numOfArrays/solution.go:35.13,36.19 1 16
leetcode/pkg/again/numOfArrays/solution.go:36.19,38.5 1 7
leetcode/pkg/again/numOfArrays/solution.go:38.10,40.5 1 9
leetcode/pkg/again/numOfArrays/solution.go:43.3,43.17 1 32
leetcode/pkg/again/numOfArrays/solution.go:43.17,45.4 1 0
leetcode/pkg/again/numOfArrays/solution.go:47.3,47.53 1 32
leetcode/pkg/again/numOfArrays/solution.go:47.53,49.4 1 7
leetcode/pkg/again/numOfArrays/solution.go:51.3,52.40 2 25
leetcode/pkg/again/numOfArrays/solution.go:52.40,54.4 1 32
leetcode/pkg/again/numOfArrays/solution.go:56.3,56.44 1 25
leetcode/pkg/again/numOfArrays/solution.go:56.44,58.4 1 13
leetcode/pkg/again/numOfArrays/solution.go:60.3,60.46 1 25
leetcode/pkg/again/numOfArrays/solution.go:63.2,63.25 1 3
leetcode/pkg/again/integerBreak/solution.go:5.28,6.11 1 28
leetcode/pkg/again/integerBreak/solution.go:6.11,8.3 1 15
leetcode/pkg/again/integerBreak/solution.go:9.2,9.10 1 13
leetcode/pkg/again/integerBreak/solution.go:12.25,13.29 1 30
leetcode/pkg/again/integerBreak/solution.go:13.29,15.3 1 21
leetcode/pkg/again/integerBreak/solution.go:17.2,17.12 1 9
leetcode/pkg/again/integerBreak/solution.go:17.12,20.3 2 3
leetcode/pkg/again/integerBreak/solution.go:22.2,24.25 2 6
leetcode/pkg/again/integerBreak/solution.go:24.25,26.3 1 28
leetcode/pkg/again/integerBreak/solution.go:28.2,30.12 2 6
leetcode/pkg/again/integerBreak/solution.go:33.30,34.12 1 3
leetcode/pkg/again/integerBreak/solution.go:34.12,36.3 1 1
leetcode/pkg/again/integerBreak/solution.go:38.2,38.19 1 2
leetcode/pkg/again/minOperations/solution.go:5.28,6.11 1 16
leetcode/pkg/again/minOperations/solution.go:6.11,8.3 1 8
leetcode/pkg/again/minOperations/solution.go:9.2,9.10 1 8
leetcode/pkg/again/minOperations/solution.go:12.36,17.27 4 4
leetcode/pkg/again/minOperations/solution.go:17.27,19.3 1 19
leetcode/pkg/again/minOperations/solution.go:22.2,23.23 2 4
leetcode/pkg/again/minOperations/solution.go:23.23,26.3 2 16
leetcode/pkg/again/minOperations/solution.go:28.2,30.41 2 4
leetcode/pkg/again/minOperations/solution.go:30.41,31.50 1 16
leetcode/pkg/again/minOperations/solution.go:31.50,33.4 1 16
leetcode/pkg/again/minOperations/solution.go:35.3,36.28 2 16
leetcode/pkg/again/minOperations/solution.go:39.2,39.12 1 4
leetcode/pkg/arch/MinStack/solution.go:13.29,15.2 1 2
leetcode/pkg/arch/MinStack/solution.go:17.28,18.11 1 4
leetcode/pkg/arch/MinStack/solution.go:18.11,20.3 1 1
leetcode/pkg/arch/MinStack/solution.go:21.2,21.10 1 3
leetcode/pkg/arch/MinStack/solution.go:24.34,25.19 1 6
leetcode/pkg/arch/MinStack/solution.go:25.19,27.3 1 2
leetcode/pkg/arch/MinStack/solution.go:27.8,29.3 1 4
leetcode/pkg/arch/MinStack/solution.go:32.26,34.2 1 2
leetcode/pkg/arch/MinStack/solution.go:36.30,38.2 1 2
leetcode/pkg/arch/MinStack/solution.go:40.33,42.2 1 4
leetcode/pkg/arch/LRUCache/solution.go:17.36,29.2 4 1
leetcode/pkg/arch/LRUCache/solution.go:31.36,39.2 5 7
leetcode/pkg/arch/LRUCache/solution.go:41.39,44.2 2 5
leetcode/pkg/arch/LRUCache/solution.go:46.37,49.17 2 5
leetcode/pkg/arch/LRUCache/solution.go:49.17,51.3 1 2
leetcode/pkg/arch/LRUCache/solution.go:53.2,56.17 3 3
leetcode/pkg/arch/LRUCache/solution.go:59.42,62.17 2 4
leetcode/pkg/arch/LRUCache/solution.go:62.17,64.3 1 0
leetcode/pkg/arch/LRUCache/solution.go:66.2,70.25 4 4
leetcode/pkg/arch/LRUCache/solution.go:70.25,74.3 3 2
leetcode/pkg/again/maxDotProduct/solution.go:5.27,8.31 2 22
leetcode/pkg/again/maxDotProduct/solution.go:8.31,9.14 1 42
leetcode/pkg/again/maxDotProduct/solution.go:9.14,11.4 1 12
leetcode/pkg/again/maxDotProduct/solution.go:14.2,14.10 1 22
leetcode/pkg/again/maxDotProduct/solution.go:17.27,20.31 2 4
leetcode/pkg/again/maxDotProduct/solution.go:20.31,21.14 1 6
leetcode/pkg/again/maxDotProduct/solution.go:21.14,23.4 1 3
leetcode/pkg/again/maxDotProduct/solution.go:26.2,26.10 1 4
leetcode/pkg/again/maxDotProduct/solution.go:33.24,35.2 1 3
leetcode/pkg/again/maxDotProduct/solution.go:37.42,39.2 1 74
leetcode/pkg/again/maxDotProduct/solution.go:41.45,43.2 1 18
leetcode/pkg/again/maxDotProduct/solution.go:45.48,48.2 2 56
leetcode/pkg/again/maxDotProduct/solution.go:50.50,53.44 2 3
leetcode/pkg/again/maxDotProduct/solution.go:53.44,55.3 1 1
leetcode/pkg/again/maxDotProduct/solution.go:57.2,57.44 1 2
leetcode/pkg/again/maxDotProduct/solution.go:57.44,59.3 1 0
leetcode/pkg/again/maxDotProduct/solution.go:61.2,63.35 2 2
leetcode/pkg/again/maxDotProduct/solution.go:63.35,64.38 1 56
leetcode/pkg/again/maxDotProduct/solution.go:64.38,66.4 1 16
leetcode/pkg/again/maxDotProduct/solution.go:68.3,68.41 1 40
leetcode/pkg/again/maxDotProduct/solution.go:68.41,70.4 1 22
leetcode/pkg/again/maxDotProduct/solution.go:72.3,78.13 4 18
leetcode/pkg/again/maxDotProduct/solution.go:81.2,81.22 1 2
leetcode/pkg/again/paintWalls/solution.go:7.19,9.2 1 2
leetcode/pkg/again/paintWalls/solution.go:11.48,14.2 2 16
leetcode/pkg/again/paintWalls/solution.go:16.47,19.2 2 34
leetcode/pkg/again/paintWalls/solution.go:21.28,22.11 1 16
leetcode/pkg/again/paintWalls/solution.go:22.11,24.3 1 7
leetcode/pkg/again/paintWalls/solution.go:25.2,25.10 1 9
leetcode/pkg/again/paintWalls/solution.go:28.45,35.45 2 2
leetcode/pkg/again/paintWalls/solution.go:35.45,36.48 1 34
leetcode/pkg/again/paintWalls/solution.go:36.48,38.4 1 2
leetcode/pkg/again/paintWalls/solution.go:40.3,40.23 1 32
leetcode/pkg/again/paintWalls/solution.go:40.23,42.4 1 9
leetcode/pkg/again/paintWalls/solution.go:44.3,44.13 1 23
leetcode/pkg/again/paintWalls/solution.go:44.13,46.4 1 7
leetcode/pkg/again/paintWalls/solution.go:50.3,53.58 3 16
leetcode/pkg/again/paintWalls/solution.go:56.2,56.22 1 2
leetcode/pkg/arch/MovingAverage/solution.go:8.42,10.2 1 1
leetcode/pkg/arch/MovingAverage/solution.go:12.49,13.30 1 4
leetcode/pkg/arch/MovingAverage/solution.go:13.30,15.3 1 1
leetcode/pkg/arch/MovingAverage/solution.go:17.2,21.31 3 4
leetcode/pkg/arch/MovingAverage/solution.go:21.31,23.3 1 9
leetcode/pkg/arch/MovingAverage/solution.go:25.2,25.46 1 4
leetcode/pkg/arch/MyQueue/solution.go:13.31,16.2 2 2
leetcode/pkg/arch/MyQueue/solution.go:18.28,19.17 1 1
leetcode/pkg/arch/MyQueue/solution.go:19.17,21.3 1 0
leetcode/pkg/arch/MyQueue/solution.go:23.2,23.19 1 1
leetcode/pkg/arch/MyQueue/solution.go:26.27,27.17 1 3
leetcode/pkg/arch/MyQueue/solution.go:27.17,29.3 1 0
leetcode/pkg/arch/MyQueue/solution.go:31.2,35.12 4 3
leetcode/pkg/arch/MyQueue/solution.go:38.28,40.2 1 9
leetcode/pkg/arch/MyQueue/solution.go:42.32,44.2 1 9
leetcode/pkg/arch/MyQueue/solution.go:51.28,53.2 1 1
leetcode/pkg/arch/MyQueue/solution.go:55.26,56.24 1 1
leetcode/pkg/arch/MyQueue/solution.go:56.24,58.3 1 2
leetcode/pkg/arch/MyQueue/solution.go:61.31,64.2 2 2
leetcode/pkg/arch/MyQueue/solution.go:66.29,67.23 1 1
leetcode/pkg/arch/MyQueue/solution.go:67.23,69.3 1 1
leetcode/pkg/arch/MyQueue/solution.go:71.2,73.21 2 0
leetcode/pkg/arch/MyQueue/solution.go:76.30,77.23 1 1
leetcode/pkg/arch/MyQueue/solution.go:77.23,79.3 1 0
leetcode/pkg/arch/MyQueue/solution.go:81.2,83.22 2 1
leetcode/pkg/arch/MyQueue/solution.go:86.32,88.2 1 0
leetcode/pkg/arch/MyLinkedList/solution.go:15.33,23.2 5 3
leetcode/pkg/arch/MyLinkedList/solution.go:25.50,27.29 2 23
leetcode/pkg/arch/MyLinkedList/solution.go:27.29,29.3 1 33
leetcode/pkg/arch/MyLinkedList/solution.go:31.2,31.13 1 23
leetcode/pkg/arch/MyLinkedList/solution.go:34.46,36.2 1 26
leetcode/pkg/arch/MyLinkedList/solution.go:38.43,40.2 1 12
leetcode/pkg/arch/MyLinkedList/solution.go:42.43,44.2 1 2
leetcode/pkg/arch/MyLinkedList/solution.go:46.55,47.24 1 15
leetcode/pkg/arch/MyLinkedList/solution.go:47.24,49.3 1 0
leetcode/pkg/arch/MyLinkedList/solution.go:51.2,57.9 4 15
leetcode/pkg/arch/MyLinkedList/solution.go:60.49,61.20 1 6
leetcode/pkg/arch/MyLinkedList/solution.go:61.20,63.3 1 2
leetcode/pkg/arch/MyLinkedList/solution.go:65.2,69.9 3 4
leetcode/pkg/arch/MyLinkedList/solution.go:72.43,73.20 1 5
leetcode/pkg/arch/MyLinkedList/solution.go:73.20,75.3 1 1
leetcode/pkg/arch/MyLinkedList/solution.go:77.2,77.30 1 4
leetcode/pkg/arch/MyHashMap/solution.go:9.30,12.22 2 1
leetcode/pkg/arch/MyHashMap/solution.go:12.22,14.3 1 1000001
leetcode/pkg/arch/MyHashMap/solution.go:16.2,16.30 1 1
leetcode/pkg/arch/MyHashMap/solution.go:19.45,21.2 1 3
leetcode/pkg/arch/MyHashMap/solution.go:23.38,25.2 1 4
leetcode/pkg/arch/MyHashMap/solution.go:27.37,29.2 1 1
leetcode/pkg/arch/RecentCounter/solution.go:7.34,9.2 1 1
leetcode/pkg/arch/RecentCounter/solution.go:11.42,18.30 5 4
leetcode/pkg/arch/RecentCounter/solution.go:18.30,19.27 1 5
leetcode/pkg/arch/RecentCounter/solution.go:19.27,20.9 1 4
leetcode/pkg/arch/RecentCounter/solution.go:23.3,23.8 1 1
leetcode/pkg/arch/RecentCounter/solution.go:26.2,26.13 1 4
leetcode/pkg/arch/RecentCounter/solution.go:26.13,28.3 1 1
leetcode/pkg/arch/RecentCounter/solution.go:30.2,30.21 1 4
leetcode/pkg/arch/NumArray/solution.go:7.39,11.33 3 1
leetcode/pkg/arch/NumArray/solution.go:11.33,13.3 1 5
leetcode/pkg/arch/NumArray/solution.go:15.2,15.11 1 1
leetcode/pkg/arch/NumArray/solution.go:18.55,19.14 1 3
leetcode/pkg/arch/NumArray/solution.go:19.14,21.3 1 2
leetcode/pkg/arch/NumArray/solution.go:23.2,23.49 1 1
leetcode/pkg/arch/MyStack/solution.go:5.34,7.2 1 4
leetcode/pkg/arch/MyStack/solution.go:9.28,10.15 1 4
leetcode/pkg/arch/MyStack/solution.go:10.15,12.3 1 0
leetcode/pkg/arch/MyStack/solution.go:14.2,14.16 1 4
leetcode/pkg/arch/MyStack/solution.go:17.31,18.15 1 3
leetcode/pkg/arch/MyStack/solution.go:18.15,20.3 1 0
leetcode/pkg/arch/MyStack/solution.go:22.2,25.12 3 3
leetcode/pkg/arch/MyStack/solution.go:28.27,30.2 1 16
leetcode/pkg/arch/MyStack/solution.go:32.30,34.2 1 16
leetcode/pkg/arch/MyStack/solution.go:41.28,43.2 1 1
leetcode/pkg/arch/MyStack/solution.go:45.31,46.20 1 2
leetcode/pkg/arch/MyStack/solution.go:46.20,49.3 2 1
leetcode/pkg/arch/MyStack/solution.go:51.2,51.22 1 1
leetcode/pkg/arch/MyStack/solution.go:51.22,53.3 1 1
leetcode/pkg/arch/MyStack/solution.go:54.2,55.22 2 1
leetcode/pkg/arch/MyStack/solution.go:55.22,57.3 1 1
leetcode/pkg/arch/MyStack/solution.go:60.29,61.20 1 1
leetcode/pkg/arch/MyStack/solution.go:61.20,63.3 1 0
leetcode/pkg/arch/MyStack/solution.go:65.2,65.25 1 1
leetcode/pkg/arch/MyStack/solution.go:68.29,69.20 1 1
leetcode/pkg/arch/MyStack/solution.go:69.20,71.3 1 0
leetcode/pkg/arch/MyStack/solution.go:73.2,73.22 1 1
leetcode/pkg/arch/MyStack/solution.go:76.32,78.2 1 1
leetcode/pkg/arch/StockSpanner/solution.go:9.27,11.2 1 33
leetcode/pkg/arch/StockSpanner/solution.go:13.28,15.2 1 10
leetcode/pkg/arch/StockSpanner/solution.go:17.29,19.2 1 12
leetcode/pkg/arch/StockSpanner/solution.go:21.29,23.2 1 11
leetcode/pkg/arch/StockSpanner/solution.go:25.32,27.2 1 7
leetcode/pkg/arch/StockSpanner/solution.go:29.28,33.2 3 5
leetcode/pkg/arch/StockSpanner/solution.go:39.33,41.2 1 1
leetcode/pkg/arch/StockSpanner/solution.go:43.45,46.45 2 7
leetcode/pkg/arch/StockSpanner/solution.go:46.45,48.3 1 5
leetcode/pkg/arch/StockSpanner/solution.go:49.2,51.13 2 7
leetcode/pkg/arch/SnapshotArray/solution.go:13.44,16.30 2 7
leetcode/pkg/arch/SnapshotArray/solution.go:16.30,18.3 1 16
leetcode/pkg/arch/SnapshotArray/solution.go:20.2,20.41 1 7
leetcode/pkg/arch/SnapshotArray/solution.go:23.53,25.19 2 17
leetcode/pkg/arch/SnapshotArray/solution.go:25.19,27.3 1 4
leetcode/pkg/arch/SnapshotArray/solution.go:29.2,29.81 1 17
leetcode/pkg/arch/SnapshotArray/solution.go:32.40,35.2 2 21
leetcode/pkg/arch/SnapshotArray/solution.go:37.60,40.38 2 21
leetcode/pkg/arch/SnapshotArray/solution.go:40.38,41.27 1 42
leetcode/pkg/arch/SnapshotArray/solution.go:41.27,43.4 1 11
leetcode/pkg/arch/SnapshotArray/solution.go:45.3,45.26 1 31
leetcode/pkg/arch/SnapshotArray/solution.go:45.26,47.4 1 10
leetcode/pkg/arch/SnapshotArray/solution.go:50.2,50.43 1 0
leetcode/pkg/arch/areOccurrencesEqual/solution.go:3.41,5.22 2 2
leetcode/pkg/arch/areOccurrencesEqual/solution.go:5.22,7.3 1 11
leetcode/pkg/arch/areOccurrencesEqual/solution.go:9.2,10.25 2 2
leetcode/pkg/arch/areOccurrencesEqual/solution.go:10.25,12.3 1 5
leetcode/pkg/arch/areOccurrencesEqual/solution.go:14.2,14.22 1 2
leetcode/pkg/arch/Solution/solution.go:9.39,11.2 1 1
leetcode/pkg/arch/Solution/solution.go:13.34,15.2 1 1
leetcode/pkg/arch/Solution/solution.go:17.36,22.41 3 1
leetcode/pkg/arch/Solution/solution.go:22.41,24.3 1 2
leetcode/pkg/arch/Solution/solution.go:26.2,26.13 1 1
leetcode/pkg/arch/addBinary/solution.go:3.43,4.21 1 3
leetcode/pkg/arch/addBinary/solution.go:4.21,6.3 1 1
leetcode/pkg/arch/addBinary/solution.go:7.2,7.18 1 2
leetcode/pkg/arch/addBinary/solution.go:10.37,19.37 4 3
leetcode/pkg/arch/addBinary/solution.go:19.37,22.10 2 8
leetcode/pkg/arch/addBinary/solution.go:23.29,24.14 1 3
leetcode/pkg/arch/addBinary/solution.go:24.14,26.5 1 0
leetcode/pkg/arch/addBinary/solution.go:26.10,28.5 1 3
leetcode/pkg/arch/addBinary/solution.go:29.4,29.17 1 3
leetcode/pkg/arch/addBinary/solution.go:30.29,31.14 1 3
leetcode/pkg/arch/addBinary/solution.go:31.14,33.5 1 0
leetcode/pkg/arch/addBinary/solution.go:33.10,36.5 2 3
leetcode/pkg/arch/addBinary/solution.go:37.11,38.14 1 2
leetcode/pkg/arch/addBinary/solution.go:38.14,40.5 1 1
leetcode/pkg/arch/addBinary/solution.go:40.10,42.5 1 1
leetcode/pkg/arch/addBinary/solution.go:43.4,43.18 1 2
leetcode/pkg/arch/addBinary/solution.go:47.2,47.22 1 3
leetcode/pkg/arch/addBinary/solution.go:47.22,50.10 2 4
leetcode/pkg/arch/addBinary/solution.go:51.17,52.14 1 3
leetcode/pkg/arch/addBinary/solution.go:52.14,54.5 1 1
leetcode/pkg/arch/addBinary/solution.go:54.10,57.5 2 2
leetcode/pkg/arch/addBinary/solution.go:58.11,59.14 1 1
leetcode/pkg/arch/addBinary/solution.go:59.14,61.5 1 0
leetcode/pkg/arch/addBinary/solution.go:61.10,63.5 1 1
leetcode/pkg/arch/addBinary/solution.go:64.4,64.18 1 1
leetcode/pkg/arch/addBinary/solution.go:68.2,68.12 1 3
leetcode/pkg/arch/addBinary/solution.go:68.12,70.3 1 2
leetcode/pkg/arch/addBinary/solution.go:72.2,72.36 1 3
leetcode/pkg/arch/addBinary/solution.go:72.36,74.3 1 6
leetcode/pkg/arch/addBinary/solution.go:76.2,76.22 1 3
leetcode/pkg/arch/addTwoNumbers/solution.go:8.58,15.29 2 3
leetcode/pkg/arch/addTwoNumbers/solution.go:15.29,17.16 2 11
leetcode/pkg/arch/addTwoNumbers/solution.go:17.16,19.4 1 11
leetcode/pkg/arch/addTwoNumbers/solution.go:21.3,22.16 2 11
leetcode/pkg/arch/addTwoNumbers/solution.go:22.16,24.4 1 8
leetcode/pkg/arch/addTwoNumbers/solution.go:26.3,30.19 4 11
leetcode/pkg/arch/addTwoNumbers/solution.go:33.2,33.16 1 3
leetcode/pkg/arch/addTwoNumbers/solution.go:33.16,35.3 1 1
leetcode/pkg/arch/addTwoNumbers/solution.go:37.2,37.18 1 3
leetcode/pkg/arch/arrayPairSum/solution.go:5.35,9.27 3 2
leetcode/pkg/arch/arrayPairSum/solution.go:9.27,10.15 1 10
leetcode/pkg/arch/arrayPairSum/solution.go:10.15,12.4 1 5
leetcode/pkg/arch/arrayPairSum/solution.go:15.2,15.12 1 2
leetcode/pkg/arch/asteroidCollision/solution.go:3.35,5.2 1 34
leetcode/pkg/arch/asteroidCollision/solution.go:7.47,10.38 2 7
leetcode/pkg/arch/asteroidCollision/solution.go:10.38,11.63 1 17
leetcode/pkg/arch/asteroidCollision/solution.go:11.63,13.12 2 11
leetcode/pkg/arch/asteroidCollision/solution.go:16.3,16.7 1 6
leetcode/pkg/arch/asteroidCollision/solution.go:16.7,17.23 1 10
leetcode/pkg/arch/asteroidCollision/solution.go:17.23,19.10 2 1
leetcode/pkg/arch/asteroidCollision/solution.go:20.10,20.84 1 9
leetcode/pkg/arch/asteroidCollision/solution.go:20.84,22.5 1 4
leetcode/pkg/arch/asteroidCollision/solution.go:22.10,22.85 1 5
leetcode/pkg/arch/asteroidCollision/solution.go:22.85,24.10 2 2
leetcode/pkg/arch/asteroidCollision/solution.go:25.10,25.53 1 3
leetcode/pkg/arch/asteroidCollision/solution.go:25.53,27.10 2 1
leetcode/pkg/arch/asteroidCollision/solution.go:28.10,29.10 1 2
leetcode/pkg/arch/asteroidCollision/solution.go:34.2,34.14 1 7
leetcode/pkg/arch/backspaceCompare/solution.go:3.33,6.22 2 8
leetcode/pkg/arch/backspaceCompare/solution.go:6.22,7.27 1 35
leetcode/pkg/arch/backspaceCompare/solution.go:8.17,9.28 1 21
leetcode/pkg/arch/backspaceCompare/solution.go:10.14,11.32 1 13
leetcode/pkg/arch/backspaceCompare/solution.go:15.2,15.22 1 8
leetcode/pkg/arch/backspaceCompare/solution.go:18.48,20.2 1 4
leetcode/pkg/arch/canConstruct/solution.go:3.60,6.30 2 3
leetcode/pkg/arch/canConstruct/solution.go:6.30,8.3 1 6
leetcode/pkg/arch/canConstruct/solution.go:10.2,10.32 1 3
leetcode/pkg/arch/canConstruct/solution.go:10.32,13.15 2 5
leetcode/pkg/arch/canConstruct/solution.go:13.15,15.4 1 2
leetcode/pkg/arch/canConstruct/solution.go:17.3,17.16 1 3
leetcode/pkg/arch/canConstruct/solution.go:20.2,20.13 1 1
leetcode/pkg/arch/canMakeArithmeticProgression/solution.go:3.51,7.26 3 2
leetcode/pkg/arch/canMakeArithmeticProgression/solution.go:7.26,8.16 1 6
leetcode/pkg/arch/canMakeArithmeticProgression/solution.go:8.16,10.4 1 3
leetcode/pkg/arch/canMakeArithmeticProgression/solution.go:12.3,12.16 1 6
leetcode/pkg/arch/canMakeArithmeticProgression/solution.go:12.16,14.4 1 1
leetcode/pkg/arch/canMakeArithmeticProgression/solution.go:17.2,17.33 1 2
leetcode/pkg/arch/canMakeArithmeticProgression/solution.go:17.33,19.3 1 1
leetcode/pkg/arch/canMakeArithmeticProgression/solution.go:21.2,23.28 2 1
leetcode/pkg/arch/canMakeArithmeticProgression/solution.go:23.28,24.10 1 5
leetcode/pkg/arch/canMakeArithmeticProgression/solution.go:25.29,26.7 1 3
leetcode/pkg/arch/canMakeArithmeticProgression/solution.go:28.31,29.16 1 0
leetcode/pkg/arch/canMakeArithmeticProgression/solution.go:31.11,35.24 2 2
leetcode/pkg/arch/canMakeArithmeticProgression/solution.go:35.24,37.5 1 0
leetcode/pkg/arch/canMakeArithmeticProgression/solution.go:39.4,39.35 1 2
leetcode/pkg/arch/canMakeArithmeticProgression/solution.go:43.2,43.13 1 1
leetcode/pkg/arch/checkIfPangram/solution.go:3.43,6.29 2 2
leetcode/pkg/arch/checkIfPangram/solution.go:6.29,8.3 1 43
leetcode/pkg/arch/checkIfPangram/solution.go:10.2,10.24 1 2
leetcode/pkg/arch/canPlaceFlowers/solution.go:3.51,4.12 1 7
leetcode/pkg/arch/canPlaceFlowers/solution.go:4.12,6.3 1 1
leetcode/pkg/arch/canPlaceFlowers/solution.go:8.2,8.44 1 6
leetcode/pkg/arch/canPlaceFlowers/solution.go:8.44,9.24 1 20
leetcode/pkg/arch/canPlaceFlowers/solution.go:9.24,10.12 1 6
leetcode/pkg/arch/canPlaceFlowers/solution.go:13.3,16.20 3 14
leetcode/pkg/arch/canPlaceFlowers/solution.go:16.20,19.4 2 7
leetcode/pkg/arch/canPlaceFlowers/solution.go:21.3,21.13 1 14
leetcode/pkg/arch/canPlaceFlowers/solution.go:21.13,23.4 1 5
leetcode/pkg/arch/canPlaceFlowers/solution.go:26.2,26.14 1 1
leetcode/pkg/arch/closeStrings/solution.go:5.52,7.30 1 4
leetcode/pkg/arch/closeStrings/solution.go:7.30,9.3 1 1
leetcode/pkg/arch/closeStrings/solution.go:12.2,13.26 2 3
leetcode/pkg/arch/closeStrings/solution.go:13.26,15.3 1 12
leetcode/pkg/arch/closeStrings/solution.go:17.2,18.26 2 3
leetcode/pkg/arch/closeStrings/solution.go:18.26,21.30 2 10
leetcode/pkg/arch/closeStrings/solution.go:21.30,23.4 1 1
leetcode/pkg/arch/closeStrings/solution.go:27.2,28.27 2 2
leetcode/pkg/arch/closeStrings/solution.go:28.27,30.3 1 6
leetcode/pkg/arch/closeStrings/solution.go:31.2,34.27 3 2
leetcode/pkg/arch/closeStrings/solution.go:34.27,36.3 1 6
leetcode/pkg/arch/closeStrings/solution.go:37.2,39.26 2 2
leetcode/pkg/arch/closeStrings/solution.go:39.26,40.20 1 6
leetcode/pkg/arch/closeStrings/solution.go:40.20,42.4 1 0
leetcode/pkg/arch/closeStrings/solution.go:45.2,45.13 1 2
leetcode/pkg/arch/checkInclusion/solution.go:3.48,5.20 2 3
leetcode/pkg/arch/checkInclusion/solution.go:5.20,7.3 1 7
leetcode/pkg/arch/checkInclusion/solution.go:9.2,10.37 2 3
leetcode/pkg/arch/checkInclusion/solution.go:10.37,11.19 1 17
leetcode/pkg/arch/checkInclusion/solution.go:11.19,14.4 2 10
leetcode/pkg/arch/checkInclusion/solution.go:16.3,18.24 2 17
leetcode/pkg/arch/checkInclusion/solution.go:18.24,20.4 1 2
leetcode/pkg/arch/checkInclusion/solution.go:23.2,23.14 1 1
leetcode/pkg/arch/checkInclusion/solution.go:26.55,27.23 1 17
leetcode/pkg/arch/checkInclusion/solution.go:27.23,28.17 1 22
leetcode/pkg/arch/checkInclusion/solution.go:28.17,30.4 1 15
leetcode/pkg/arch/checkInclusion/solution.go:32.2,32.13 1 2
leetcode/pkg/arch/checkStraightLine/solution.go:3.50,7.40 3 2
leetcode/pkg/arch/checkStraightLine/solution.go:7.40,8.97 1 7
leetcode/pkg/arch/checkStraightLine/solution.go:8.97,10.4 1 1
leetcode/pkg/arch/checkStraightLine/solution.go:13.2,13.13 1 1
leetcode/pkg/arch/closestValue/solution.go:9.45,10.11 1 13
leetcode/pkg/arch/closestValue/solution.go:10.11,12.3 1 9
leetcode/pkg/arch/closestValue/solution.go:12.8,14.3 1 4
leetcode/pkg/arch/closestValue/solution.go:17.55,21.18 3 4
leetcode/pkg/arch/closestValue/solution.go:21.18,22.57 1 9
leetcode/pkg/arch/closestValue/solution.go:22.57,25.4 2 1
leetcode/pkg/arch/closestValue/solution.go:25.9,25.44 1 8
leetcode/pkg/arch/closestValue/solution.go:25.44,28.4 2 1
leetcode/pkg/arch/closestValue/solution.go:30.3,30.33 1 9
leetcode/pkg/arch/closestValue/solution.go:30.33,32.4 1 2
leetcode/pkg/arch/closestValue/solution.go:32.9,34.4 1 7
leetcode/pkg/arch/closestValue/solution.go:37.2,37.15 1 4
leetcode/pkg/arch/compress/solution.go:5.33,6.21 1 3
leetcode/pkg/arch/compress/solution.go:6.21,8.3 1 1
leetcode/pkg/arch/compress/solution.go:10.2,14.33 4 2
leetcode/pkg/arch/compress/solution.go:14.33,15.19 1 18
leetcode/pkg/arch/compress/solution.go:15.19,19.15 3 3
leetcode/pkg/arch/compress/solution.go:19.15,21.22 2 2
leetcode/pkg/arch/compress/solution.go:21.22,24.6 2 2
leetcode/pkg/arch/compress/solution.go:25.5,25.12 1 2
leetcode/pkg/arch/compress/solution.go:28.4,28.15 1 3
leetcode/pkg/arch/compress/solution.go:29.9,31.4 1 15
leetcode/pkg/arch/compress/solution.go:34.2,36.13 3 2
leetcode/pkg/arch/compress/solution.go:36.13,39.20 2 2
leetcode/pkg/arch/compress/solution.go:39.20,42.4 2 3
leetcode/pkg/arch/compress/solution.go:45.2,45.10 1 2
leetcode/pkg/arch/containsDuplicate/solution.go:3.41,6.27 2 3
leetcode/pkg/arch/containsDuplicate/solution.go:6.27,8.12 2 10
leetcode/pkg/arch/containsDuplicate/solution.go:8.12,10.4 1 2
leetcode/pkg/arch/containsDuplicate/solution.go:11.3,11.22 1 8
leetcode/pkg/arch/containsDuplicate/solution.go:14.2,14.14 1 1
leetcode/pkg/arch/countBits/solution.go:3.29,6.26 2 3
leetcode/pkg/arch/countBits/solution.go:6.26,8.3 1 13
leetcode/pkg/arch/countBits/solution.go:10.2,10.12 1 3
leetcode/pkg/arch/countElements/solution.go:3.35,5.26 2 2
leetcode/pkg/arch/countElements/solution.go:5.26,7.3 1 11
leetcode/pkg/arch/countElements/solution.go:9.2,10.26 2 2
leetcode/pkg/arch/countElements/solution.go:10.26,11.17 1 11
leetcode/pkg/arch/countElements/solution.go:11.17,13.4 1 2
leetcode/pkg/arch/countElements/solution.go:16.2,16.12 1 2
leetcode/pkg/arch/countNegatives/solution.go:3.39,7.19 3 2
leetcode/pkg/arch/countNegatives/solution.go:7.19,9.3 1 2
leetcode/pkg/arch/countNegatives/solution.go:11.2,11.27 1 2
leetcode/pkg/arch/countNegatives/solution.go:11.27,12.27 1 6
leetcode/pkg/arch/countNegatives/solution.go:12.27,13.18 1 20
leetcode/pkg/arch/countNegatives/solution.go:13.18,15.5 1 8
leetcode/pkg/arch/countNegatives/solution.go:19.2,19.16 1 2
leetcode/pkg/arch/countPrimes/solution.go:5.29,10.29 3 3
leetcode/pkg/arch/countPrimes/solution.go:10.29,11.33 1 2
leetcode/pkg/arch/countPrimes/solution.go:11.33,13.4 1 4
leetcode/pkg/arch/countPrimes/solution.go:16.2,17.25 2 3
leetcode/pkg/arch/countPrimes/solution.go:17.25,18.15 1 8
leetcode/pkg/arch/countPrimes/solution.go:18.15,20.4 1 4
leetcode/pkg/arch/countPrimes/solution.go:23.2,23.12 1 3
leetcode/pkg/arch/decodeString/solution.go:5.27,7.2 1 162
leetcode/pkg/arch/decodeString/solution.go:9.29,11.2 1 87
leetcode/pkg/arch/decodeString/solution.go:13.32,15.2 1 54
leetcode/pkg/arch/decodeString/solution.go:17.29,18.15 1 51
leetcode/pkg/arch/decodeString/solution.go:18.15,20.3 1 0
leetcode/pkg/arch/decodeString/solution.go:22.2,22.24 1 51
leetcode/pkg/arch/decodeString/solution.go:25.28,26.15 1 24
leetcode/pkg/arch/decodeString/solution.go:26.15,28.3 1 0
leetcode/pkg/arch/decodeString/solution.go:30.2,33.12 3 24
leetcode/pkg/arch/decodeString/solution.go:36.29,38.2 1 9
leetcode/pkg/arch/decodeString/solution.go:40.36,49.22 4 3
leetcode/pkg/arch/decodeString/solution.go:49.22,50.12 1 30
leetcode/pkg/arch/decodeString/solution.go:51.12,52.25 1 6
leetcode/pkg/arch/decodeString/solution.go:52.25,54.5 1 12
leetcode/pkg/arch/decodeString/solution.go:56.4,58.40 2 6
leetcode/pkg/arch/decodeString/solution.go:58.40,61.5 2 6
leetcode/pkg/arch/decodeString/solution.go:63.4,63.22 1 6
leetcode/pkg/arch/decodeString/solution.go:63.22,64.39 1 15
leetcode/pkg/arch/decodeString/solution.go:64.39,66.6 1 30
leetcode/pkg/arch/decodeString/solution.go:69.4,70.12 2 6
leetcode/pkg/arch/decodeString/solution.go:71.11,72.14 1 24
leetcode/pkg/arch/decodeString/solution.go:76.2,76.19 1 3
leetcode/pkg/arch/dailyTemperatures/solution.go:7.31,9.2 1 15
leetcode/pkg/arch/dailyTemperatures/solution.go:11.28,12.18 1 15
leetcode/pkg/arch/dailyTemperatures/solution.go:12.18,14.3 1 0
leetcode/pkg/arch/dailyTemperatures/solution.go:16.2,16.26 1 15
leetcode/pkg/arch/dailyTemperatures/solution.go:19.27,20.18 1 11
leetcode/pkg/arch/dailyTemperatures/solution.go:20.18,22.3 1 0
leetcode/pkg/arch/dailyTemperatures/solution.go:24.2,27.12 3 11
leetcode/pkg/arch/dailyTemperatures/solution.go:30.27,32.2 1 89
leetcode/pkg/arch/dailyTemperatures/solution.go:34.29,36.2 1 26
leetcode/pkg/arch/dailyTemperatures/solution.go:38.50,42.36 3 3
leetcode/pkg/arch/dailyTemperatures/solution.go:42.36,43.49 1 15
leetcode/pkg/arch/dailyTemperatures/solution.go:43.49,46.4 2 11
leetcode/pkg/arch/dailyTemperatures/solution.go:48.3,48.12 1 15
leetcode/pkg/arch/dailyTemperatures/solution.go:51.2,51.13 1 3
leetcode/pkg/arch/customSortString/solution.go:5.54,7.22 2 2
leetcode/pkg/arch/customSortString/solution.go:7.22,9.3 1 8
leetcode/pkg/arch/customSortString/solution.go:11.2,12.26 2 2
leetcode/pkg/arch/customSortString/solution.go:12.26,15.28 2 8
leetcode/pkg/arch/customSortString/solution.go:15.28,17.4 1 6
leetcode/pkg/arch/customSortString/solution.go:19.3,19.15 1 8
leetcode/pkg/arch/customSortString/solution.go:22.2,22.24 1 2
leetcode/pkg/arch/customSortString/solution.go:22.24,23.28 1 2
leetcode/pkg/arch/customSortString/solution.go:23.28,25.4 1 2
leetcode/pkg/arch/customSortString/solution.go:28.2,28.20 1 2
leetcode/pkg/arch/deepestLeavesSum/solution.go:9.43,17.25 3 2
leetcode/pkg/arch/deepestLeavesSum/solution.go:17.25,21.42 3 8
leetcode/pkg/arch/deepestLeavesSum/solution.go:21.42,27.24 4 19
leetcode/pkg/arch/deepestLeavesSum/solution.go:27.24,29.5 1 8
leetcode/pkg/arch/deepestLeavesSum/solution.go:31.4,31.25 1 19
leetcode/pkg/arch/deepestLeavesSum/solution.go:31.25,33.5 1 9
leetcode/pkg/arch/deepestLeavesSum/solution.go:36.3,36.20 1 8
leetcode/pkg/arch/deepestLeavesSum/solution.go:39.2,39.15 1 2
leetcode/pkg/arch/deleteDuplicates/solution.go:8.49,9.17 1 3
leetcode/pkg/arch/deleteDuplicates/solution.go:9.17,11.3 1 1
leetcode/pkg/arch/deleteDuplicates/solution.go:13.2,16.18 3 2
leetcode/pkg/arch/deleteDuplicates/solution.go:16.18,17.27 1 8
leetcode/pkg/arch/deleteDuplicates/solution.go:17.27,20.4 2 3
leetcode/pkg/arch/deleteDuplicates/solution.go:22.3,22.19 1 8
leetcode/pkg/arch/deleteDuplicates/solution.go:25.2,27.16 2 2
leetcode/pkg/arch/deleteDuplicates/solution.go:30.50,34.18 3 2
leetcode/pkg/arch/deleteDuplicates/solution.go:34.18,35.52 1 8
leetcode/pkg/arch/deleteDuplicates/solution.go:35.52,36.54 1 3
leetcode/pkg/arch/deleteDuplicates/solution.go:36.54,38.5 1 4
leetcode/pkg/arch/deleteDuplicates/solution.go:40.4,40.25 1 3
leetcode/pkg/arch/deleteDuplicates/solution.go:41.9,43.4 1 5
leetcode/pkg/arch/deleteDuplicates/solution.go:45.3,45.19 1 8
leetcode/pkg/arch/deleteDuplicates/solution.go:48.2,48.19 1 2
leetcode/pkg/arch/deleteMiddle/solution.go:8.45,9.22 1 4
leetcode/pkg/arch/deleteMiddle/solution.go:9.22,11.3 1 1
leetcode/pkg/arch/deleteMiddle/solution.go:13.2,16.38 3 3
leetcode/pkg/arch/deleteMiddle/solution.go:16.38,20.3 3 6
leetcode/pkg/arch/deleteMiddle/solution.go:22.2,24.13 2 3
leetcode/pkg/arch/destCity/solution.go:3.40,6.29 2 4
leetcode/pkg/arch/destCity/solution.go:6.29,9.3 2 13
leetcode/pkg/arch/destCity/solution.go:11.2,11.29 1 4
leetcode/pkg/arch/destCity/solution.go:11.29,14.16 2 9
leetcode/pkg/arch/destCity/solution.go:14.16,16.4 1 4
leetcode/pkg/arch/destCity/solution.go:20.2,20.11 1 0
leetcode/pkg/arch/diameterOfBinaryTree/solution.go:11.29,12.11 1 14
leetcode/pkg/arch/diameterOfBinaryTree/solution.go:12.11,14.3 1 3
leetcode/pkg/arch/diameterOfBinaryTree/solution.go:15.2,15.10 1 11
leetcode/pkg/arch/diameterOfBinaryTree/solution.go:18.47,22.2 3 2
leetcode/pkg/arch/diameterOfBinaryTree/solution.go:24.35,25.17 1 16
leetcode/pkg/arch/diameterOfBinaryTree/solution.go:25.17,27.3 1 9
leetcode/pkg/arch/diameterOfBinaryTree/solution.go:29.2,34.38 4 7
leetcode/pkg/arch/deleteNode/solution.go:9.36,10.60 1 0
leetcode/pkg/arch/deleteNode/solution.go:10.61,11.3 0 0
leetcode/pkg/arch/deleteNode/solution.go:12.2,12.17 1 0
leetcode/pkg/arch/deleteNode/solution.go:15.38,16.61 1 1
leetcode/pkg/arch/deleteNode/solution.go:16.62,17.3 0 0
leetcode/pkg/arch/deleteNode/solution.go:18.2,18.17 1 1
leetcode/pkg/arch/deleteNode/solution.go:21.52,22.17 1 7
leetcode/pkg/arch/deleteNode/solution.go:22.17,24.3 1 2
leetcode/pkg/arch/deleteNode/solution.go:26.2,26.20 1 5
leetcode/pkg/arch/deleteNode/solution.go:26.20,28.3 1 0
leetcode/pkg/arch/deleteNode/solution.go:28.8,28.27 1 5
leetcode/pkg/arch/deleteNode/solution.go:28.27,30.3 1 3
leetcode/pkg/arch/deleteNode/solution.go:30.8,31.44 1 2
leetcode/pkg/arch/deleteNode/solution.go:31.44,33.4 1 1
leetcode/pkg/arch/deleteNode/solution.go:33.9,33.30 1 1
leetcode/pkg/arch/deleteNode/solution.go:33.30,36.4 2 0
leetcode/pkg/arch/deleteNode/solution.go:36.9,39.4 2 1
leetcode/pkg/arch/deleteNode/solution.go:42.2,42.13 1 5
leetcode/pkg/arch/deleteNode/solution.go:50.34,53.2 2 2
leetcode/pkg/arch/dominantIndex/solution.go:3.36,6.27 2 3
leetcode/pkg/arch/dominantIndex/solution.go:6.27,7.18 1 12
leetcode/pkg/arch/dominantIndex/solution.go:7.18,11.4 3 9
leetcode/pkg/arch/dominantIndex/solution.go:11.9,11.25 1 3
leetcode/pkg/arch/dominantIndex/solution.go:11.25,13.4 1 1
leetcode/pkg/arch/dominantIndex/solution.go:16.2,16.20 1 3
leetcode/pkg/arch/dominantIndex/solution.go:16.20,18.3 1 1
leetcode/pkg/arch/dominantIndex/solution.go:20.2,20.11 1 2
leetcode/pkg/arch/equalPairs/solution.go:8.35,13.27 4 3
leetcode/pkg/arch/equalPairs/solution.go:13.27,14.32 1 9
leetcode/pkg/arch/equalPairs/solution.go:14.32,16.4 1 29
leetcode/pkg/arch/equalPairs/solution.go:18.3,18.33 1 9
leetcode/pkg/arch/equalPairs/solution.go:21.2,22.25 2 3
leetcode/pkg/arch/equalPairs/solution.go:22.25,23.26 1 9
leetcode/pkg/arch/equalPairs/solution.go:23.26,25.4 1 29
leetcode/pkg/arch/equalPairs/solution.go:27.3,27.38 1 9
leetcode/pkg/arch/equalPairs/solution.go:30.2,30.12 1 3
leetcode/pkg/arch/equalSubstring/solution.go:3.30,6.13 2 21
leetcode/pkg/arch/equalSubstring/solution.go:6.13,8.3 1 19
leetcode/pkg/arch/equalSubstring/solution.go:10.2,10.12 1 21
leetcode/pkg/arch/equalSubstring/solution.go:13.58,19.32 2 3
leetcode/pkg/arch/equalSubstring/solution.go:19.32,22.22 2 12
leetcode/pkg/arch/equalSubstring/solution.go:22.22,25.4 2 9
leetcode/pkg/arch/equalSubstring/solution.go:27.3,27.25 1 12
leetcode/pkg/arch/equalSubstring/solution.go:27.25,29.4 1 5
leetcode/pkg/arch/equalSubstring/solution.go:32.2,32.12 1 3
leetcode/pkg/arch/findAnagrams/solution.go:3.45,7.19 3 2
leetcode/pkg/arch/findAnagrams/solution.go:7.19,9.3 1 5
leetcode/pkg/arch/findAnagrams/solution.go:11.2,12.36 2 2
leetcode/pkg/arch/findAnagrams/solution.go:12.36,13.18 1 14
leetcode/pkg/arch/findAnagrams/solution.go:13.18,16.4 2 9
leetcode/pkg/arch/findAnagrams/solution.go:18.3,20.24 2 14
leetcode/pkg/arch/findAnagrams/solution.go:20.24,22.4 1 5
leetcode/pkg/arch/findAnagrams/solution.go:25.2,25.12 1 2
leetcode/pkg/arch/findAnagrams/solution.go:28.55,29.23 1 14
leetcode/pkg/arch/findAnagrams/solution.go:29.23,30.17 1 31
leetcode/pkg/arch/findAnagrams/solution.go:30.17,32.4 1 9
leetcode/pkg/arch/findAnagrams/solution.go:34.2,34.13 1 5
leetcode/pkg/arch/findInMountainArray/solution.go:7.46,9.2 1 55
leetcode/pkg/arch/findInMountainArray/solution.go:11.40,13.2 1 11
leetcode/pkg/arch/findInMountainArray/solution.go:15.70,19.40 2 6
leetcode/pkg/arch/findInMountainArray/solution.go:19.40,21.3 1 1
leetcode/pkg/arch/findInMountainArray/solution.go:23.2,26.24 3 5
leetcode/pkg/arch/findInMountainArray/solution.go:26.24,28.3 1 1
leetcode/pkg/arch/findInMountainArray/solution.go:30.2,30.18 1 4
leetcode/pkg/arch/findInMountainArray/solution.go:30.18,32.3 1 2
leetcode/pkg/arch/findInMountainArray/solution.go:34.2,34.18 1 2
leetcode/pkg/arch/findInMountainArray/solution.go:34.18,36.3 1 1
leetcode/pkg/arch/findInMountainArray/solution.go:38.2,38.28 1 1
leetcode/pkg/arch/findInMountainArray/solution.go:41.28,42.11 1 1
leetcode/pkg/arch/findInMountainArray/solution.go:42.11,44.3 1 1
leetcode/pkg/arch/findInMountainArray/solution.go:45.2,45.10 1 0
leetcode/pkg/arch/findInMountainArray/solution.go:48.39,51.15 2 6
leetcode/pkg/arch/findInMountainArray/solution.go:51.15,54.32 2 14
leetcode/pkg/arch/findInMountainArray/solution.go:54.32,56.4 1 6
leetcode/pkg/arch/findInMountainArray/solution.go:56.9,58.4 1 8
leetcode/pkg/arch/findInMountainArray/solution.go:61.2,61.13 1 6
leetcode/pkg/arch/findInMountainArray/solution.go:64.68,65.12 1 5
leetcode/pkg/arch/findInMountainArray/solution.go:65.12,68.10 2 6
leetcode/pkg/arch/findInMountainArray/solution.go:69.29,70.12 1 2
leetcode/pkg/arch/findInMountainArray/solution.go:71.28,72.9 1 0
leetcode/pkg/arch/findInMountainArray/solution.go:73.11,74.13 1 4
leetcode/pkg/arch/findInMountainArray/solution.go:78.2,78.11 1 3
leetcode/pkg/arch/findInMountainArray/solution.go:81.68,82.12 1 5
leetcode/pkg/arch/findInMountainArray/solution.go:82.12,85.10 2 7
leetcode/pkg/arch/findInMountainArray/solution.go:86.29,87.12 1 3
leetcode/pkg/arch/findInMountainArray/solution.go:88.28,89.13 1 3
leetcode/pkg/arch/findInMountainArray/solution.go:90.11,91.9 1 1
leetcode/pkg/arch/findInMountainArray/solution.go:95.2,95.11 1 2
leetcode/pkg/arch/findDifference/solution.go:7.33,10.29 2 4
leetcode/pkg/arch/findDifference/solution.go:10.29,12.3 1 14
leetcode/pkg/arch/findDifference/solution.go:14.2,14.11 1 4
leetcode/pkg/arch/findDifference/solution.go:17.28,21.26 3 4
leetcode/pkg/arch/findDifference/solution.go:21.26,24.3 2 5
leetcode/pkg/arch/findDifference/solution.go:26.2,26.15 1 4
leetcode/pkg/arch/findDifference/solution.go:29.55,33.27 3 2
leetcode/pkg/arch/findDifference/solution.go:33.27,34.32 1 6
leetcode/pkg/arch/findDifference/solution.go:34.32,37.4 2 3
leetcode/pkg/arch/findDifference/solution.go:40.2,40.38 1 2
leetcode/pkg/arch/findDuplicate/solution.go:3.36,8.6 3 3
leetcode/pkg/arch/findDuplicate/solution.go:8.6,13.19 4 6
leetcode/pkg/arch/findDuplicate/solution.go:13.19,14.9 1 3
leetcode/pkg/arch/findDuplicate/solution.go:18.2,19.19 2 3
leetcode/pkg/arch/findDuplicate/solution.go:19.19,22.3 2 2
leetcode/pkg/arch/findDuplicate/solution.go:24.2,24.13 1 3
leetcode/pkg/arch/findDiagonalOrder/solution.go:3.29,4.41 1 11
leetcode/pkg/arch/findDiagonalOrder/solution.go:4.41,6.3 1 5
leetcode/pkg/arch/findDiagonalOrder/solution.go:9.43,21.31 2 4
leetcode/pkg/arch/findDiagonalOrder/solution.go:21.31,24.42 2 11
leetcode/pkg/arch/findDiagonalOrder/solution.go:24.42,26.4 1 24
leetcode/pkg/arch/findDiagonalOrder/solution.go:28.3,28.18 1 11
leetcode/pkg/arch/findDiagonalOrder/solution.go:28.18,30.4 1 7
leetcode/pkg/arch/findDiagonalOrder/solution.go:32.3,33.29 2 11
leetcode/pkg/arch/findDiagonalOrder/solution.go:37.2,37.31 1 4
leetcode/pkg/arch/findDiagonalOrder/solution.go:37.31,40.63 2 8
leetcode/pkg/arch/findDiagonalOrder/solution.go:40.63,42.4 1 12
leetcode/pkg/arch/findDiagonalOrder/solution.go:44.3,44.18 1 8
leetcode/pkg/arch/findDiagonalOrder/solution.go:44.18,46.4 1 4
leetcode/pkg/arch/findDiagonalOrder/solution.go:48.3,49.29 2 8
leetcode/pkg/arch/findDiagonalOrder/solution.go:52.2,52.12 1 4
leetcode/pkg/arch/findMaxConsecutiveOnes/solution.go:3.28,4.11 1 12
leetcode/pkg/arch/findMaxConsecutiveOnes/solution.go:4.11,6.3 1 5
leetcode/pkg/arch/findMaxConsecutiveOnes/solution.go:7.2,7.10 1 7
leetcode/pkg/arch/findMaxConsecutiveOnes/solution.go:10.45,13.27 2 2
leetcode/pkg/arch/findMaxConsecutiveOnes/solution.go:13.27,14.15 1 12
leetcode/pkg/arch/findMaxConsecutiveOnes/solution.go:14.15,16.4 1 3
leetcode/pkg/arch/findMaxConsecutiveOnes/solution.go:18.3,19.22 2 12
leetcode/pkg/arch/findMaxConsecutiveOnes/solution.go:22.2,22.12 1 2
leetcode/pkg/arch/findMaxAverage/solution.go:3.48,5.25 2 1
leetcode/pkg/arch/findMaxAverage/solution.go:5.25,7.3 1 1
leetcode/pkg/arch/findMaxAverage/solution.go:9.2,10.33 2 1
leetcode/pkg/arch/findMaxAverage/solution.go:10.33,12.16 2 4
leetcode/pkg/arch/findMaxAverage/solution.go:12.16,14.4 1 1
leetcode/pkg/arch/findMaxAverage/solution.go:17.2,17.34 1 1
leetcode/pkg/arch/findLucky/solution.go:3.31,6.26 2 3
leetcode/pkg/arch/findLucky/solution.go:6.26,8.3 1 15
leetcode/pkg/arch/findLucky/solution.go:10.2,11.26 2 3
leetcode/pkg/arch/findLucky/solution.go:11.26,12.30 1 8
leetcode/pkg/arch/findLucky/solution.go:12.30,14.4 1 4
leetcode/pkg/arch/findLucky/solution.go:17.2,17.12 1 3
leetcode/pkg/arch/findMedianSortedArrays/solution.go:13.40,14.15 1 8
leetcode/pkg/arch/findMedianSortedArrays/solution.go:14.15,16.3 1 2
leetcode/pkg/arch/findMedianSortedArrays/solution.go:18.2,18.21 1 6
leetcode/pkg/arch/findMedianSortedArrays/solution.go:29.41,30.23 1 8
leetcode/pkg/arch/findMedianSortedArrays/solution.go:30.23,32.3 1 3
leetcode/pkg/arch/findMedianSortedArrays/solution.go:34.2,34.19 1 5
leetcode/pkg/arch/findMedianSortedArrays/solution.go:38.57,42.17 3 3
leetcode/pkg/arch/findMedianSortedArrays/solution.go:42.17,44.3 1 1
leetcode/pkg/arch/findMedianSortedArrays/solution.go:46.2,49.18 3 2
leetcode/pkg/arch/findMedianSortedArrays/solution.go:49.18,69.10 7 4
leetcode/pkg/arch/findMedianSortedArrays/solution.go:70.29,71.26 1 2
leetcode/pkg/arch/findMedianSortedArrays/solution.go:71.26,73.5 1 1
leetcode/pkg/arch/findMedianSortedArrays/solution.go:75.4,75.31 1 1
leetcode/pkg/arch/findMedianSortedArrays/solution.go:77.16,78.20 1 0
leetcode/pkg/arch/findMedianSortedArrays/solution.go:80.11,81.19 1 2
leetcode/pkg/arch/findMedianSortedArrays/solution.go:85.2,85.10 1 0
leetcode/pkg/arch/findMedianSortedArrays/solution.go:88.24,89.11 1 2
leetcode/pkg/arch/findMedianSortedArrays/solution.go:89.11,91.3 1 2
leetcode/pkg/arch/findMedianSortedArrays/solution.go:93.2,93.10 1 0
leetcode/pkg/arch/findMedianSortedArrays/solution.go:96.24,97.11 1 1
leetcode/pkg/arch/findMedianSortedArrays/solution.go:97.11,99.3 1 0
leetcode/pkg/arch/findMedianSortedArrays/solution.go:101.2,101.10 1 1
leetcode/pkg/arch/findPeakElement/solution.go:3.38,6.12 2 4
leetcode/pkg/arch/findPeakElement/solution.go:6.12,9.26 2 7
leetcode/pkg/arch/findPeakElement/solution.go:9.26,11.4 1 4
leetcode/pkg/arch/findPeakElement/solution.go:11.9,13.4 1 3
leetcode/pkg/arch/findPeakElement/solution.go:16.2,16.10 1 4
leetcode/pkg/arch/findTheDifference/solution.go:3.49,6.30 2 3
leetcode/pkg/arch/findTheDifference/solution.go:6.30,9.3 2 5
leetcode/pkg/arch/findTheDifference/solution.go:11.2,13.31 2 3
leetcode/pkg/arch/findTheDifference/solution.go:13.31,14.16 1 31
leetcode/pkg/arch/findTheDifference/solution.go:14.16,16.4 1 3
leetcode/pkg/arch/findTheDifference/solution.go:20.2,20.10 1 0
leetcode/pkg/arch/findWinners/solution.go:5.43,8.32 2 1
leetcode/pkg/arch/findWinners/solution.go:8.32,13.3 3 4
leetcode/pkg/arch/findWinners/solution.go:15.2,18.34 3 1
leetcode/pkg/arch/findWinners/solution.go:18.34,19.16 1 6
leetcode/pkg/arch/findWinners/solution.go:19.16,21.4 1 4
leetcode/pkg/arch/findWinners/solution.go:22.3,22.17 1 6
leetcode/pkg/arch/findWinners/solution.go:22.17,24.4 1 0
leetcode/pkg/arch/findWinners/solution.go:27.2,30.28 3 1
leetcode/pkg/arch/firstUniqChar/solution.go:3.34,5.22 2 5
leetcode/pkg/arch/firstUniqChar/solution.go:5.22,7.3 1 31
leetcode/pkg/arch/firstUniqChar/solution.go:9.2,9.22 1 5
leetcode/pkg/arch/firstUniqChar/solution.go:9.22,11.15 2 10
leetcode/pkg/arch/firstUniqChar/solution.go:11.15,13.4 1 4
leetcode/pkg/arch/firstUniqChar/solution.go:16.2,16.11 1 1
leetcode/pkg/arch/firstBadVersion/solution.go:3.37,4.17 1 2
leetcode/pkg/arch/firstBadVersion/solution.go:5.15,6.14 1 1
leetcode/pkg/arch/firstBadVersion/solution.go:7.10,8.15 1 1
leetcode/pkg/arch/firstBadVersion/solution.go:12.33,15.12 2 2
leetcode/pkg/arch/firstBadVersion/solution.go:15.12,16.44 1 2
leetcode/pkg/arch/firstBadVersion/solution.go:16.44,18.4 1 1
leetcode/pkg/arch/firstBadVersion/solution.go:18.9,20.4 1 1
leetcode/pkg/arch/firstBadVersion/solution.go:23.2,23.10 1 2
leetcode/pkg/arch/gcdOfStrings/solution.go:3.28,4.15 1 4
leetcode/pkg/arch/gcdOfStrings/solution.go:4.15,7.3 2 3
leetcode/pkg/arch/gcdOfStrings/solution.go:9.2,9.10 1 4
leetcode/pkg/arch/gcdOfStrings/solution.go:12.38,13.44 1 7
leetcode/pkg/arch/gcdOfStrings/solution.go:13.44,14.20 1 14
leetcode/pkg/arch/gcdOfStrings/solution.go:14.20,16.4 1 2
leetcode/pkg/arch/gcdOfStrings/solution.go:19.2,19.13 1 5
leetcode/pkg/arch/gcdOfStrings/solution.go:22.52,25.30 2 5
leetcode/pkg/arch/gcdOfStrings/solution.go:25.30,27.3 1 1
leetcode/pkg/arch/gcdOfStrings/solution.go:29.2,30.52 2 4
leetcode/pkg/arch/gcdOfStrings/solution.go:30.52,32.3 1 2
leetcode/pkg/arch/gcdOfStrings/solution.go:34.2,34.11 1 2
leetcode/pkg/arch/generate/solution.go:3.36,6.31 2 2
leetcode/pkg/arch/generate/solution.go:6.31,11.26 4 6
leetcode/pkg/arch/generate/solution.go:11.26,13.4 1 6
leetcode/pkg/arch/generate/solution.go:16.2,16.17 1 2
leetcode/pkg/arch/frequencySort/solution.go:5.37,8.22 3 3
leetcode/pkg/arch/frequencySort/solution.go:8.22,11.30 2 14
leetcode/pkg/arch/frequencySort/solution.go:11.30,13.4 1 7
leetcode/pkg/arch/frequencySort/solution.go:16.2,17.23 2 3
leetcode/pkg/arch/frequencySort/solution.go:17.23,19.3 1 8
leetcode/pkg/arch/frequencySort/solution.go:21.2,22.28 2 3
leetcode/pkg/arch/frequencySort/solution.go:22.28,23.30 1 10
leetcode/pkg/arch/frequencySort/solution.go:23.30,25.4 1 8
leetcode/pkg/arch/frequencySort/solution.go:28.2,28.20 1 3
leetcode/pkg/arch/getAverages/solution.go:3.43,6.33 2 3
leetcode/pkg/arch/getAverages/solution.go:6.33,8.3 1 11
leetcode/pkg/arch/getAverages/solution.go:10.2,12.35 3 3
leetcode/pkg/arch/getAverages/solution.go:12.35,13.15 1 4
leetcode/pkg/arch/getAverages/solution.go:13.15,14.42 1 2
leetcode/pkg/arch/getAverages/solution.go:14.42,16.5 1 8
leetcode/pkg/arch/getAverages/solution.go:17.9,19.4 1 2
leetcode/pkg/arch/getAverages/solution.go:21.3,21.21 1 4
leetcode/pkg/arch/getAverages/solution.go:24.2,24.12 1 3
leetcode/pkg/arch/fizzBuzz/solution.go:5.31,8.25 2 3
leetcode/pkg/arch/fizzBuzz/solution.go:8.25,11.22 2 23
leetcode/pkg/arch/fizzBuzz/solution.go:12.18,13.20 1 1
leetcode/pkg/arch/fizzBuzz/solution.go:14.17,15.16 1 6
leetcode/pkg/arch/fizzBuzz/solution.go:16.17,17.16 1 3
leetcode/pkg/arch/fizzBuzz/solution.go:18.11,19.25 1 13
leetcode/pkg/arch/fizzBuzz/solution.go:22.3,22.18 1 23
leetcode/pkg/arch/fizzBuzz/solution.go:25.2,25.15 1 3
leetcode/pkg/arch/getDecimalValue/solution.go:8.42,11.23 2 4
leetcode/pkg/arch/getDecimalValue/solution.go:11.23,14.3 2 24
leetcode/pkg/arch/getDecimalValue/solution.go:16.2,16.12 1 4
leetcode/pkg/arch/getMinimumDifference/solution.go:9.47,12.19 2 2
leetcode/pkg/arch/getMinimumDifference/solution.go:12.19,14.3 1 0
leetcode/pkg/arch/getMinimumDifference/solution.go:16.2,16.19 1 2
leetcode/pkg/arch/getMinimumDifference/solution.go:16.19,18.3 1 0
leetcode/pkg/arch/getMinimumDifference/solution.go:20.2,21.34 2 2
leetcode/pkg/arch/getMinimumDifference/solution.go:21.34,22.44 1 8
leetcode/pkg/arch/getMinimumDifference/solution.go:22.44,24.4 1 2
leetcode/pkg/arch/getMinimumDifference/solution.go:27.2,27.12 1 2
leetcode/pkg/arch/getMinimumDifference/solution.go:30.41,33.22 2 10
leetcode/pkg/arch/getMinimumDifference/solution.go:33.22,35.3 1 4
leetcode/pkg/arch/getMinimumDifference/solution.go:37.2,39.23 2 10
leetcode/pkg/arch/getMinimumDifference/solution.go:39.23,41.3 1 4
leetcode/pkg/arch/getMinimumDifference/solution.go:43.2,43.12 1 10
leetcode/pkg/arch/getRow/solution.go:3.33,5.2 1 3
leetcode/pkg/arch/getRow/solution.go:7.36,10.31 2 3
leetcode/pkg/arch/getRow/solution.go:10.31,15.26 4 7
leetcode/pkg/arch/getRow/solution.go:15.26,17.4 1 3
leetcode/pkg/arch/getRow/solution.go:20.2,20.17 1 3
leetcode/pkg/arch/goodNodes/solution.go:11.36,13.2 1 3
leetcode/pkg/arch/goodNodes/solution.go:15.29,16.11 1 22
leetcode/pkg/arch/goodNodes/solution.go:16.11,18.3 1 12
leetcode/pkg/arch/goodNodes/solution.go:19.2,19.10 1 10
leetcode/pkg/arch/goodNodes/solution.go:22.55,23.17 1 25
leetcode/pkg/arch/goodNodes/solution.go:23.17,25.3 1 14
leetcode/pkg/arch/goodNodes/solution.go:27.2,28.26 2 11
leetcode/pkg/arch/goodNodes/solution.go:28.26,30.3 1 8
leetcode/pkg/arch/goodNodes/solution.go:32.2,35.12 3 11
leetcode/pkg/arch/hammingDistance/solution.go:3.40,6.11 2 2
leetcode/pkg/arch/hammingDistance/solution.go:6.11,7.14 1 1
leetcode/pkg/arch/hammingDistance/solution.go:7.14,11.14 3 2
leetcode/pkg/arch/hammingDistance/solution.go:11.14,13.5 1 1
leetcode/pkg/arch/hammingDistance/solution.go:15.4,16.11 2 2
leetcode/pkg/arch/hammingDistance/solution.go:18.8,19.14 1 1
leetcode/pkg/arch/hammingDistance/solution.go:19.14,23.14 3 3
leetcode/pkg/arch/hammingDistance/solution.go:23.14,25.5 1 2
leetcode/pkg/arch/hammingDistance/solution.go:27.4,28.11 2 3
leetcode/pkg/arch/hammingDistance/solution.go:32.2,32.12 1 2
leetcode/pkg/arch/groupAnagrams/solution.go:5.46,8.27 2 3
leetcode/pkg/arch/groupAnagrams/solution.go:8.27,11.39 2 8
leetcode/pkg/arch/groupAnagrams/solution.go:11.39,13.4 1 15
leetcode/pkg/arch/groupAnagrams/solution.go:15.3,15.61 1 8
leetcode/pkg/arch/groupAnagrams/solution.go:18.2,20.32 2 3
leetcode/pkg/arch/groupAnagrams/solution.go:20.32,22.3 1 5
leetcode/pkg/arch/groupAnagrams/solution.go:24.2,24.12 1 3
leetcode/pkg/arch/guessNumber/solution.go:3.25,6.16 2 3
leetcode/pkg/arch/guessNumber/solution.go:6.16,8.3 1 1
leetcode/pkg/arch/guessNumber/solution.go:10.2,10.16 1 2
leetcode/pkg/arch/guessNumber/solution.go:10.16,12.3 1 1
leetcode/pkg/arch/guessNumber/solution.go:14.2,14.10 1 1
leetcode/pkg/arch/guessNumber/solution.go:17.29,21.12 3 1
leetcode/pkg/arch/guessNumber/solution.go:21.12,25.12 3 3
leetcode/pkg/arch/guessNumber/solution.go:26.11,27.13 1 1
leetcode/pkg/arch/guessNumber/solution.go:28.10,29.13 1 1
leetcode/pkg/arch/guessNumber/solution.go:30.11,31.12 1 1
leetcode/pkg/arch/guessNumber/solution.go:35.2,35.10 1 0
leetcode/pkg/arch/hammingWeight/solution.go:3.36,6.14 2 3
leetcode/pkg/arch/hammingWeight/solution.go:6.14,9.3 2 63
leetcode/pkg/arch/hammingWeight/solution.go:11.2,11.12 1 3
leetcode/pkg/arch/hasPathSum/solution.go:9.53,10.17 1 15
leetcode/pkg/arch/hasPathSum/solution.go:10.17,12.3 1 3
leetcode/pkg/arch/hasPathSum/solution.go:14.2,16.43 2 12
leetcode/pkg/arch/hasPathSum/solution.go:16.43,18.3 1 6
leetcode/pkg/arch/hasPathSum/solution.go:20.2,23.22 3 6
leetcode/pkg/arch/hasCycle/solution.go:8.36,9.17 1 4
leetcode/pkg/arch/hasCycle/solution.go:9.17,11.3 1 1
leetcode/pkg/arch/hasCycle/solution.go:13.2,16.54 3 3
leetcode/pkg/arch/hasCycle/solution.go:16.54,19.3 2 2
leetcode/pkg/arch/hasCycle/solution.go:21.2,21.21 1 3
leetcode/pkg/arch/increasingTriplet/solution.go:5.41,9.27 3 6
leetcode/pkg/arch/increasingTriplet/solution.go:9.27,10.15 1 220
leetcode/pkg/arch/increasingTriplet/solution.go:10.15,12.4 1 208
leetcode/pkg/arch/increasingTriplet/solution.go:12.9,12.22 1 12
leetcode/pkg/arch/increasingTriplet/solution.go:12.22,14.4 1 8
leetcode/pkg/arch/increasingTriplet/solution.go:14.9,16.4 1 4
leetcode/pkg/arch/increasingTriplet/solution.go:19.2,19.14 1 2
leetcode/pkg/arch/inorderTraversal/solution.go:9.45,13.22 3 3
leetcode/pkg/arch/inorderTraversal/solution.go:13.22,14.18 1 11
leetcode/pkg/arch/inorderTraversal/solution.go:14.18,17.12 3 4
leetcode/pkg/arch/inorderTraversal/solution.go:20.3,20.22 1 7
leetcode/pkg/arch/inorderTraversal/solution.go:20.22,21.9 1 3
leetcode/pkg/arch/inorderTraversal/solution.go:24.3,28.20 4 4
leetcode/pkg/arch/inorderTraversal/solution.go:31.2,31.12 1 3
leetcode/pkg/arch/insertIntoBST/solution.go:9.55,10.17 1 10
leetcode/pkg/arch/insertIntoBST/solution.go:10.17,12.3 1 3
leetcode/pkg/arch/insertIntoBST/solution.go:14.2,14.20 1 7
leetcode/pkg/arch/insertIntoBST/solution.go:14.20,16.3 1 4
leetcode/pkg/arch/insertIntoBST/solution.go:16.8,18.3 1 3
leetcode/pkg/arch/insertIntoBST/solution.go:20.2,20.13 1 7
leetcode/pkg/arch/intersect/solution.go:3.48,4.29 1 5
leetcode/pkg/arch/intersect/solution.go:4.29,6.3 1 2
leetcode/pkg/arch/intersect/solution.go:8.2,9.28 2 3
leetcode/pkg/arch/intersect/solution.go:9.28,11.3 1 7
leetcode/pkg/arch/intersect/solution.go:13.2,14.28 2 3
leetcode/pkg/arch/intersect/solution.go:14.28,16.10 2 12
leetcode/pkg/arch/intersect/solution.go:16.10,17.12 1 5
leetcode/pkg/arch/intersect/solution.go:20.3,20.14 1 7
leetcode/pkg/arch/intersect/solution.go:20.14,23.4 2 5
leetcode/pkg/arch/intersect/solution.go:26.2,26.15 1 3
leetcode/pkg/arch/intersection/solution.go:5.39,7.27 2 2
leetcode/pkg/arch/intersection/solution.go:7.27,8.27 1 5
leetcode/pkg/arch/intersection/solution.go:8.27,10.4 1 19
leetcode/pkg/arch/intersection/solution.go:13.2,14.27 2 2
leetcode/pkg/arch/intersection/solution.go:14.27,15.21 1 12
leetcode/pkg/arch/intersection/solution.go:15.21,17.4 1 2
leetcode/pkg/arch/intersection/solution.go:20.2,22.12 2 2
leetcode/pkg/arch/isAnagram/solution.go:3.41,5.22 2 2
leetcode/pkg/arch/isAnagram/solution.go:5.22,7.3 1 10
leetcode/pkg/arch/isAnagram/solution.go:9.2,10.22 2 2
leetcode/pkg/arch/isAnagram/solution.go:10.22,12.3 1 10
leetcode/pkg/arch/isAnagram/solution.go:14.2,14.23 1 2
leetcode/pkg/arch/isIsomorphic/solution.go:3.44,7.19 3 5
leetcode/pkg/arch/isIsomorphic/solution.go:7.19,11.11 3 21
leetcode/pkg/arch/isIsomorphic/solution.go:11.11,13.4 1 13
leetcode/pkg/arch/isIsomorphic/solution.go:14.3,14.11 1 21
leetcode/pkg/arch/isIsomorphic/solution.go:14.11,16.4 1 13
leetcode/pkg/arch/isIsomorphic/solution.go:18.3,18.43 1 21
leetcode/pkg/arch/isIsomorphic/solution.go:18.43,20.4 1 3
leetcode/pkg/arch/isIsomorphic/solution.go:23.2,23.13 1 2
leetcode/pkg/arch/isPathCrossing/solution.go:3.39,7.25 3 2
leetcode/pkg/arch/isPathCrossing/solution.go:7.25,10.12 2 7
leetcode/pkg/arch/isPathCrossing/solution.go:11.12,12.12 1 2
leetcode/pkg/arch/isPathCrossing/solution.go:13.12,14.12 1 2
leetcode/pkg/arch/isPathCrossing/solution.go:15.12,16.12 1 2
leetcode/pkg/arch/isPathCrossing/solution.go:17.12,18.12 1 1
leetcode/pkg/arch/isPathCrossing/solution.go:21.3,21.15 1 7
leetcode/pkg/arch/isPathCrossing/solution.go:21.15,23.4 1 1
leetcode/pkg/arch/isPathCrossing/solution.go:26.2,26.14 1 1
leetcode/pkg/arch/isPalindrome/solution.go:3.31,4.11 1 3
leetcode/pkg/arch/isPalindrome/solution.go:4.11,6.3 1 1
leetcode/pkg/arch/isPalindrome/solution.go:8.2,9.29 2 2
leetcode/pkg/arch/isPalindrome/solution.go:9.29,11.3 1 5
leetcode/pkg/arch/isPalindrome/solution.go:13.2,14.15 2 2
leetcode/pkg/arch/isPalindrome/solution.go:22.41,29.38 2 3
leetcode/pkg/arch/isPalindrome/solution.go:29.38,32.3 2 5
leetcode/pkg/arch/isPalindrome/solution.go:34.2,35.18 2 3
leetcode/pkg/arch/isPalindrome/solution.go:35.18,40.3 4 5
leetcode/pkg/arch/isPalindrome/solution.go:42.2,42.18 1 3
leetcode/pkg/arch/isPalindrome/solution.go:42.18,43.27 1 5
leetcode/pkg/arch/isPalindrome/solution.go:43.27,45.4 1 2
leetcode/pkg/arch/isPalindrome/solution.go:47.3,48.19 2 3
leetcode/pkg/arch/isPalindrome/solution.go:51.2,51.13 1 1
leetcode/pkg/arch/isPalindrome/solution.go:54.35,57.22 2 3
leetcode/pkg/arch/isPalindrome/solution.go:57.22,58.27 1 41
leetcode/pkg/arch/isPalindrome/solution.go:58.27,60.4 1 2
leetcode/pkg/arch/isPalindrome/solution.go:62.3,62.51 1 41
leetcode/pkg/arch/isPalindrome/solution.go:62.51,64.4 1 29
leetcode/pkg/arch/isPalindrome/solution.go:67.2,68.27 2 3
leetcode/pkg/arch/isPalindrome/solution.go:68.27,69.27 1 14
leetcode/pkg/arch/isPalindrome/solution.go:69.27,71.4 1 1
leetcode/pkg/arch/isPalindrome/solution.go:74.2,74.13 1 2
leetcode/pkg/arch/isPowerOfThree/solution.go:3.33,4.12 1 3
leetcode/pkg/arch/isPowerOfThree/solution.go:4.12,6.3 1 2
leetcode/pkg/arch/isPowerOfThree/solution.go:8.2,8.12 1 1
leetcode/pkg/arch/isPowerOfThree/solution.go:8.12,10.15 1 3
leetcode/pkg/arch/isPowerOfThree/solution.go:10.15,12.4 1 0
leetcode/pkg/arch/isPowerOfThree/solution.go:14.3,14.9 1 3
leetcode/pkg/arch/isPowerOfThree/solution.go:17.2,17.13 1 1
leetcode/pkg/arch/isSymmetric/solution.go:9.39,11.2 1 4
leetcode/pkg/arch/isSymmetric/solution.go:13.46,14.9 1 23
leetcode/pkg/arch/isSymmetric/solution.go:15.30,16.14 1 8
leetcode/pkg/arch/isSymmetric/solution.go:17.30,18.15 1 2
leetcode/pkg/arch/isSymmetric/solution.go:21.2,21.83 1 13
leetcode/pkg/arch/isSameTree/solution.go:9.48,10.26 1 11
leetcode/pkg/arch/isSameTree/solution.go:10.26,12.3 1 4
leetcode/pkg/arch/isSameTree/solution.go:14.2,14.26 1 7
leetcode/pkg/arch/isSameTree/solution.go:14.26,16.3 1 1
leetcode/pkg/arch/isSameTree/solution.go:18.2,18.20 1 6
leetcode/pkg/arch/isSameTree/solution.go:18.20,20.3 1 1
leetcode/pkg/arch/isSameTree/solution.go:22.2,22.67 1 5
leetcode/pkg/arch/isSubsequence/solution.go:3.45,6.47 2 3
leetcode/pkg/arch/isSubsequence/solution.go:6.47,7.22 1 17
leetcode/pkg/arch/isSubsequence/solution.go:7.22,9.4 1 6
leetcode/pkg/arch/isSubsequence/solution.go:12.2,12.23 1 3
leetcode/pkg/arch/isValid/solution.go:12.36,13.19 1 1
leetcode/pkg/arch/isValid/solution.go:13.19,15.3 1 0
leetcode/pkg/arch/isValid/solution.go:17.2,20.20 3 1
leetcode/pkg/arch/isValid/solution.go:23.32,27.2 2 2
leetcode/pkg/arch/isValid/solution.go:29.29,32.22 2 1
leetcode/pkg/arch/isValid/solution.go:32.22,33.12 1 3
leetcode/pkg/arch/isValid/solution.go:34.22,35.17 1 2
leetcode/pkg/arch/isValid/solution.go:36.22,38.14 2 1
leetcode/pkg/arch/isValid/solution.go:38.14,40.5 1 0
leetcode/pkg/arch/isValid/solution.go:42.4,42.11 1 1
leetcode/pkg/arch/isValid/solution.go:43.32,43.32 0 0
leetcode/pkg/arch/isValid/solution.go:44.32,44.32 0 0
leetcode/pkg/arch/isValid/solution.go:45.32,45.32 0 0
leetcode/pkg/arch/isValid/solution.go:46.12,47.17 1 1
leetcode/pkg/arch/isValid/solution.go:52.2,52.26 1 0
leetcode/pkg/arch/isValidBST/solution.go:11.38,13.2 1 4
leetcode/pkg/arch/isValidBST/solution.go:15.66,16.17 1 24
leetcode/pkg/arch/isValidBST/solution.go:16.17,18.3 1 11
leetcode/pkg/arch/isValidBST/solution.go:20.2,20.41 1 13
leetcode/pkg/arch/isValidBST/solution.go:20.41,22.3 1 3
leetcode/pkg/arch/isValidBST/solution.go:24.2,27.22 3 10
leetcode/pkg/arch/isValidSudoku/solution.go:7.41,12.34 4 2
leetcode/pkg/arch/isValidSudoku/solution.go:12.34,16.3 3 18
leetcode/pkg/arch/isValidSudoku/solution.go:18.2,18.34 1 2
leetcode/pkg/arch/isValidSudoku/solution.go:18.34,19.35 1 12
leetcode/pkg/arch/isValidSudoku/solution.go:19.35,22.18 2 102
leetcode/pkg/arch/isValidSudoku/solution.go:22.18,23.13 1 63
leetcode/pkg/arch/isValidSudoku/solution.go:26.4,26.36 1 39
leetcode/pkg/arch/isValidSudoku/solution.go:26.36,28.5 1 0
leetcode/pkg/arch/isValidSudoku/solution.go:29.4,31.36 2 39
leetcode/pkg/arch/isValidSudoku/solution.go:31.36,33.5 1 0
leetcode/pkg/arch/isValidSudoku/solution.go:34.4,37.37 3 39
leetcode/pkg/arch/isValidSudoku/solution.go:37.37,39.5 1 1
leetcode/pkg/arch/isValidSudoku/solution.go:40.4,40.33 1 38
leetcode/pkg/arch/isValidSudoku/solution.go:44.2,44.13 1 1
leetcode/pkg/arch/kidsWithCandies/solution.go:3.23,5.22 2 3
leetcode/pkg/arch/kidsWithCandies/solution.go:5.22,6.12 1 13
leetcode/pkg/arch/kidsWithCandies/solution.go:6.12,8.4 1 2
leetcode/pkg/arch/kidsWithCandies/solution.go:11.2,11.10 1 3
leetcode/pkg/arch/kidsWithCandies/solution.go:14.62,18.28 3 3
leetcode/pkg/arch/kidsWithCandies/solution.go:18.28,19.26 1 13
leetcode/pkg/arch/kidsWithCandies/solution.go:19.26,21.4 1 7
leetcode/pkg/arch/kidsWithCandies/solution.go:24.2,24.15 1 3
leetcode/pkg/arch/largestAltitude/solution.go:3.38,7.28 3 2
leetcode/pkg/arch/largestAltitude/solution.go:7.28,9.18 2 12
leetcode/pkg/arch/largestAltitude/solution.go:9.18,11.4 1 1
leetcode/pkg/arch/largestAltitude/solution.go:14.2,14.12 1 2
leetcode/pkg/arch/largestUniqueNumber/solution.go:3.42,6.27 2 2
leetcode/pkg/arch/largestUniqueNumber/solution.go:6.27,8.3 1 13
leetcode/pkg/arch/largestUniqueNumber/solution.go:10.2,11.32 2 2
leetcode/pkg/arch/largestUniqueNumber/solution.go:11.32,12.15 1 9
leetcode/pkg/arch/largestUniqueNumber/solution.go:12.15,13.12 1 4
leetcode/pkg/arch/largestUniqueNumber/solution.go:16.3,16.16 1 5
leetcode/pkg/arch/largestUniqueNumber/solution.go:16.16,18.4 1 1
leetcode/pkg/arch/largestUniqueNumber/solution.go:21.2,21.12 1 2
leetcode/pkg/arch/largestValues/solution.go:11.42,14.17 2 2
leetcode/pkg/arch/largestValues/solution.go:14.17,16.3 1 0
leetcode/pkg/arch/largestValues/solution.go:18.2,25.21 3 2
leetcode/pkg/arch/largestValues/solution.go:25.21,29.27 3 5
leetcode/pkg/arch/largestValues/solution.go:29.27,33.21 3 9
leetcode/pkg/arch/largestValues/solution.go:33.21,35.5 1 7
leetcode/pkg/arch/largestValues/solution.go:37.4,37.24 1 9
leetcode/pkg/arch/largestValues/solution.go:37.24,39.5 1 3
leetcode/pkg/arch/largestValues/solution.go:41.4,41.25 1 9
leetcode/pkg/arch/largestValues/solution.go:41.25,43.5 1 4
leetcode/pkg/arch/largestValues/solution.go:46.3,46.30 1 5
leetcode/pkg/arch/largestValues/solution.go:49.2,49.15 1 2
leetcode/pkg/arch/leafSimilar/solution.go:18.24,20.2 1 8
leetcode/pkg/arch/leafSimilar/solution.go:22.37,24.2 1 29
leetcode/pkg/arch/leafSimilar/solution.go:26.33,27.19 1 37
leetcode/pkg/arch/leafSimilar/solution.go:27.19,29.3 1 8
leetcode/pkg/arch/leafSimilar/solution.go:31.2,34.14 3 29
leetcode/pkg/arch/leafSimilar/solution.go:37.40,41.26 3 8
leetcode/pkg/arch/leafSimilar/solution.go:41.26,42.18 1 66
leetcode/pkg/arch/leafSimilar/solution.go:42.18,45.4 2 29
leetcode/pkg/arch/leafSimilar/solution.go:45.9,48.19 2 37
leetcode/pkg/arch/leafSimilar/solution.go:48.19,49.10 1 8
leetcode/pkg/arch/leafSimilar/solution.go:52.4,52.45 1 29
leetcode/pkg/arch/leafSimilar/solution.go:52.45,54.5 1 16
leetcode/pkg/arch/leafSimilar/solution.go:56.4,56.21 1 29
leetcode/pkg/arch/leafSimilar/solution.go:60.2,60.12 1 8
leetcode/pkg/arch/leafSimilar/solution.go:63.57,67.28 3 4
leetcode/pkg/arch/leafSimilar/solution.go:67.28,69.3 1 0
leetcode/pkg/arch/leafSimilar/solution.go:71.2,71.33 1 4
leetcode/pkg/arch/leafSimilar/solution.go:71.33,72.25 1 7
leetcode/pkg/arch/leafSimilar/solution.go:72.25,74.4 1 1
leetcode/pkg/arch/leafSimilar/solution.go:77.2,77.13 1 3
leetcode/pkg/arch/lengthOfLongestSubstring/solution.go:3.24,4.11 1 38
leetcode/pkg/arch/lengthOfLongestSubstring/solution.go:4.11,6.3 1 5
leetcode/pkg/arch/lengthOfLongestSubstring/solution.go:7.2,7.10 1 33
leetcode/pkg/arch/lengthOfLongestSubstring/solution.go:10.45,14.19 3 3
leetcode/pkg/arch/lengthOfLongestSubstring/solution.go:14.19,18.3 3 19
leetcode/pkg/arch/lengthOfLongestSubstring/solution.go:20.2,20.12 1 3
leetcode/pkg/arch/longestArithSeqLength/solution.go:3.29,4.11 1 65
leetcode/pkg/arch/longestArithSeqLength/solution.go:4.11,6.3 1 13
leetcode/pkg/arch/longestArithSeqLength/solution.go:7.2,7.10 1 52
leetcode/pkg/arch/longestArithSeqLength/solution.go:10.44,14.45 3 4
leetcode/pkg/arch/longestArithSeqLength/solution.go:14.45,17.39 2 24
leetcode/pkg/arch/longestArithSeqLength/solution.go:17.39,20.43 2 65
leetcode/pkg/arch/longestArithSeqLength/solution.go:20.43,22.5 1 59
leetcode/pkg/arch/longestArithSeqLength/solution.go:22.10,24.5 1 6
leetcode/pkg/arch/longestArithSeqLength/solution.go:26.4,26.41 1 65
leetcode/pkg/arch/longestArithSeqLength/solution.go:30.2,30.12 1 4
leetcode/pkg/arch/levelOrder/solution.go:9.41,10.17 1 3
leetcode/pkg/arch/levelOrder/solution.go:10.17,12.3 1 1
leetcode/pkg/arch/levelOrder/solution.go:14.2,16.50 2 2
leetcode/pkg/arch/levelOrder/solution.go:16.50,19.38 2 4
leetcode/pkg/arch/levelOrder/solution.go:19.38,23.24 3 6
leetcode/pkg/arch/levelOrder/solution.go:23.24,25.5 1 2
leetcode/pkg/arch/levelOrder/solution.go:26.4,26.25 1 6
leetcode/pkg/arch/levelOrder/solution.go:26.25,28.5 1 2
leetcode/pkg/arch/levelOrder/solution.go:30.4,30.21 1 6
leetcode/pkg/arch/levelOrder/solution.go:33.3,33.30 1 4
leetcode/pkg/arch/levelOrder/solution.go:36.2,36.12 1 2
leetcode/pkg/arch/longestCommonPrefix/solution.go:5.48,9.27 3 2
leetcode/pkg/arch/longestCommonPrefix/solution.go:9.27,10.21 1 6
leetcode/pkg/arch/longestCommonPrefix/solution.go:10.21,12.4 1 3
leetcode/pkg/arch/longestCommonPrefix/solution.go:15.2,15.27 1 2
leetcode/pkg/arch/longestCommonPrefix/solution.go:15.27,18.28 2 4
leetcode/pkg/arch/longestCommonPrefix/solution.go:18.28,19.25 1 11
leetcode/pkg/arch/longestCommonPrefix/solution.go:19.25,21.5 1 2
leetcode/pkg/arch/longestCommonPrefix/solution.go:24.3,24.28 1 2
leetcode/pkg/arch/longestCommonPrefix/solution.go:27.2,27.24 1 0
leetcode/pkg/arch/longestOnes/solution.go:3.41,7.39 3 2
leetcode/pkg/arch/longestOnes/solution.go:7.39,8.19 1 30
leetcode/pkg/arch/longestOnes/solution.go:8.19,10.4 1 12
leetcode/pkg/arch/longestOnes/solution.go:12.3,12.23 1 30
leetcode/pkg/arch/longestOnes/solution.go:12.23,13.20 1 15
leetcode/pkg/arch/longestOnes/solution.go:13.20,15.5 1 7
leetcode/pkg/arch/longestOnes/solution.go:18.3,18.30 1 30
leetcode/pkg/arch/longestOnes/solution.go:18.30,20.4 1 16
leetcode/pkg/arch/longestOnes/solution.go:23.2,23.12 1 2
leetcode/pkg/arch/longestSubarray/solution.go:3.28,4.11 1 25
leetcode/pkg/arch/longestSubarray/solution.go:4.11,6.3 1 14
leetcode/pkg/arch/longestSubarray/solution.go:7.2,7.10 1 11
leetcode/pkg/arch/longestSubarray/solution.go:10.38,13.20 2 4
leetcode/pkg/arch/longestSubarray/solution.go:13.20,14.19 1 25
leetcode/pkg/arch/longestSubarray/solution.go:14.19,16.4 1 7
leetcode/pkg/arch/longestSubarray/solution.go:18.3,18.15 1 25
leetcode/pkg/arch/longestSubarray/solution.go:18.15,19.20 1 9
leetcode/pkg/arch/longestSubarray/solution.go:19.20,21.5 1 4
leetcode/pkg/arch/longestSubarray/solution.go:22.4,22.7 1 9
leetcode/pkg/arch/longestSubarray/solution.go:25.3,26.6 2 25
leetcode/pkg/arch/longestSubarray/solution.go:29.2,29.22 1 4
leetcode/pkg/arch/longestSubarray/solution.go:29.22,31.3 1 0
leetcode/pkg/arch/longestSubarray/solution.go:33.2,33.12 1 4
leetcode/pkg/arch/longestSubarray/solution.go:36.50,44.31 2 3
leetcode/pkg/arch/longestSubarray/solution.go:44.31,45.51 1 18
leetcode/pkg/arch/longestSubarray/solution.go:45.51,47.4 1 7
leetcode/pkg/arch/longestSubarray/solution.go:48.3,48.51 1 18
leetcode/pkg/arch/longestSubarray/solution.go:48.51,50.4 1 8
leetcode/pkg/arch/longestSubarray/solution.go:52.3,55.29 3 18
leetcode/pkg/arch/longestSubarray/solution.go:55.29,56.28 1 10
leetcode/pkg/arch/longestSubarray/solution.go:56.28,58.5 1 5
leetcode/pkg/arch/longestSubarray/solution.go:59.4,59.28 1 10
leetcode/pkg/arch/longestSubarray/solution.go:59.28,61.5 1 5
leetcode/pkg/arch/longestSubarray/solution.go:62.4,62.13 1 10
leetcode/pkg/arch/longestSubarray/solution.go:65.3,65.41 1 18
leetcode/pkg/arch/longestSubarray/solution.go:65.41,67.4 1 9
leetcode/pkg/arch/longestSubarray/solution.go:70.2,70.12 1 3
leetcode/pkg/arch/lowestCommonAncestor/solution.go:9.79,10.17 1 12
leetcode/pkg/arch/lowestCommonAncestor/solution.go:10.17,12.3 1 4
leetcode/pkg/arch/lowestCommonAncestor/solution.go:14.2,14.28 1 8
leetcode/pkg/arch/lowestCommonAncestor/solution.go:14.28,16.3 1 3
leetcode/pkg/arch/lowestCommonAncestor/solution.go:18.2,21.33 3 5
leetcode/pkg/arch/lowestCommonAncestor/solution.go:21.33,23.3 1 1
leetcode/pkg/arch/lowestCommonAncestor/solution.go:25.2,25.17 1 4
leetcode/pkg/arch/lowestCommonAncestor/solution.go:25.17,27.3 1 1
leetcode/pkg/arch/lowestCommonAncestor/solution.go:27.8,29.3 1 3
leetcode/pkg/arch/longestZigZag/solution.go:16.40,23.2 4 3
leetcode/pkg/arch/longestZigZag/solution.go:25.28,26.11 1 32
leetcode/pkg/arch/longestZigZag/solution.go:26.11,28.3 1 18
leetcode/pkg/arch/longestZigZag/solution.go:29.2,29.10 1 14
leetcode/pkg/arch/longestZigZag/solution.go:32.70,33.17 1 70
leetcode/pkg/arch/longestZigZag/solution.go:33.17,35.3 1 38
leetcode/pkg/arch/longestZigZag/solution.go:37.2,39.13 2 32
leetcode/pkg/arch/longestZigZag/solution.go:40.12,42.40 2 21
leetcode/pkg/arch/longestZigZag/solution.go:43.13,45.46 2 11
leetcode/pkg/arch/majorityElement/solution.go:4.40,11.27 5 4
leetcode/pkg/arch/majorityElement/solution.go:11.27,12.20 1 8
leetcode/pkg/arch/majorityElement/solution.go:12.20,13.12 1 1
leetcode/pkg/arch/majorityElement/solution.go:16.3,18.26 2 7
leetcode/pkg/arch/majorityElement/solution.go:18.26,22.4 3 5
leetcode/pkg/arch/majorityElement/solution.go:24.3,24.19 1 7
leetcode/pkg/arch/majorityElement/solution.go:24.19,25.9 1 1
leetcode/pkg/arch/majorityElement/solution.go:29.2,29.12 1 4
leetcode/pkg/arch/makeGood/solution.go:3.23,4.11 1 13
leetcode/pkg/arch/makeGood/solution.go:4.11,6.3 1 8
leetcode/pkg/arch/makeGood/solution.go:8.2,8.10 1 5
leetcode/pkg/arch/makeGood/solution.go:11.32,14.22 2 3
leetcode/pkg/arch/makeGood/solution.go:14.22,15.57 1 17
leetcode/pkg/arch/makeGood/solution.go:15.57,17.4 1 4
leetcode/pkg/arch/makeGood/solution.go:17.9,19.4 1 13
leetcode/pkg/arch/makeGood/solution.go:22.2,22.22 1 3
leetcode/pkg/arch/maxAncestorDiff/solution.go:9.29,10.11 1 13
leetcode/pkg/arch/maxAncestorDiff/solution.go:10.11,12.3 1 8
leetcode/pkg/arch/maxAncestorDiff/solution.go:13.2,13.10 1 5
leetcode/pkg/arch/maxAncestorDiff/solution.go:16.29,17.11 1 26
leetcode/pkg/arch/maxAncestorDiff/solution.go:17.11,19.3 1 10
leetcode/pkg/arch/maxAncestorDiff/solution.go:20.2,20.10 1 16
leetcode/pkg/arch/maxAncestorDiff/solution.go:23.42,25.2 1 2
leetcode/pkg/arch/maxAncestorDiff/solution.go:27.64,28.17 1 28
leetcode/pkg/arch/maxAncestorDiff/solution.go:28.17,30.3 1 15
leetcode/pkg/arch/maxAncestorDiff/solution.go:32.2,38.26 5 13
leetcode/pkg/arch/maxArea/solution.go:3.29,5.2 1 1
leetcode/pkg/arch/maxArea/solution.go:7.28,8.11 1 1
leetcode/pkg/arch/maxArea/solution.go:8.11,10.3 1 1
leetcode/pkg/arch/maxArea/solution.go:11.2,11.10 1 0
leetcode/pkg/arch/maxArea/solution.go:14.28,15.11 1 1
leetcode/pkg/arch/maxArea/solution.go:15.11,17.3 1 1
leetcode/pkg/arch/maxArea/solution.go:18.2,18.10 1 0
leetcode/pkg/arch/maxArea/solution.go:21.33,24.40 2 1
leetcode/pkg/arch/maxArea/solution.go:24.40,29.30 3 1
leetcode/pkg/arch/maxArea/solution.go:29.30,31.4 1 1
leetcode/pkg/arch/maxArea/solution.go:31.9,33.4 1 0
leetcode/pkg/arch/maxArea/solution.go:36.2,36.12 1 1
leetcode/pkg/arch/maxDepth/solution.go:9.35,10.17 1 33
leetcode/pkg/arch/maxDepth/solution.go:10.17,12.3 1 19
leetcode/pkg/arch/maxDepth/solution.go:14.2,17.11 3 14
leetcode/pkg/arch/maxDepth/solution.go:17.11,19.3 1 2
leetcode/pkg/arch/maxDepth/solution.go:21.2,21.14 1 12
leetcode/pkg/arch/maxLevelSum/solution.go:20.36,24.2 3 3
leetcode/pkg/arch/maxLevelSum/solution.go:26.36,30.19 3 14
leetcode/pkg/arch/maxLevelSum/solution.go:30.19,32.3 1 6
leetcode/pkg/arch/maxLevelSum/solution.go:32.8,34.3 1 8
leetcode/pkg/arch/maxLevelSum/solution.go:36.2,36.9 1 14
leetcode/pkg/arch/maxLevelSum/solution.go:39.29,42.16 2 14
leetcode/pkg/arch/maxLevelSum/solution.go:42.16,44.3 1 0
leetcode/pkg/arch/maxLevelSum/solution.go:46.2,49.12 3 14
leetcode/pkg/arch/maxLevelSum/solution.go:52.31,54.2 1 11
leetcode/pkg/arch/maxLevelSum/solution.go:56.27,58.2 1 8
leetcode/pkg/arch/maxLevelSum/solution.go:60.38,67.21 5 3
leetcode/pkg/arch/maxLevelSum/solution.go:67.21,71.36 3 8
leetcode/pkg/arch/maxLevelSum/solution.go:71.36,76.26 3 14
leetcode/pkg/arch/maxLevelSum/solution.go:76.26,78.5 1 6
leetcode/pkg/arch/maxLevelSum/solution.go:79.4,79.27 1 14
leetcode/pkg/arch/maxLevelSum/solution.go:79.27,81.5 1 5
leetcode/pkg/arch/maxLevelSum/solution.go:84.3,84.16 1 8
leetcode/pkg/arch/maxLevelSum/solution.go:84.16,87.4 2 6
leetcode/pkg/arch/maxLevelSum/solution.go:90.2,90.12 1 3
leetcode/pkg/arch/maxNumberOfBalloons/solution.go:3.43,6.25 2 3
leetcode/pkg/arch/maxNumberOfBalloons/solution.go:6.25,7.12 1 33
leetcode/pkg/arch/maxNumberOfBalloons/solution.go:8.32,9.16 1 23
leetcode/pkg/arch/maxNumberOfBalloons/solution.go:14.2,14.23 1 3
leetcode/pkg/arch/maxNumberOfBalloons/solution.go:14.23,16.3 1 1
leetcode/pkg/arch/maxNumberOfBalloons/solution.go:18.2,19.30 2 2
leetcode/pkg/arch/maxNumberOfBalloons/solution.go:19.30,20.12 1 10
leetcode/pkg/arch/maxNumberOfBalloons/solution.go:21.17,22.12 1 4
leetcode/pkg/arch/maxNumberOfBalloons/solution.go:25.3,25.16 1 10
leetcode/pkg/arch/maxNumberOfBalloons/solution.go:25.16,27.4 1 2
leetcode/pkg/arch/maxNumberOfBalloons/solution.go:30.2,30.12 1 2
leetcode/pkg/arch/maxOperations/solution.go:5.43,14.12 3 3
leetcode/pkg/arch/maxOperations/solution.go:14.12,15.36 1 21
leetcode/pkg/arch/maxOperations/solution.go:17.16,18.7 1 1
leetcode/pkg/arch/maxOperations/solution.go:19.16,20.7 1 15
leetcode/pkg/arch/maxOperations/solution.go:21.11,24.9 3 5
leetcode/pkg/arch/maxOperations/solution.go:28.2,28.12 1 3
leetcode/pkg/arch/maxProfit/solution.go:3.34,6.35 2 3
leetcode/pkg/arch/maxProfit/solution.go:6.35,7.30 1 13
leetcode/pkg/arch/maxProfit/solution.go:7.30,9.4 1 6
leetcode/pkg/arch/maxProfit/solution.go:12.2,12.15 1 3
leetcode/pkg/arch/maxProfit/solution.go:15.35,19.31 3 2
leetcode/pkg/arch/maxProfit/solution.go:19.31,20.21 1 11
leetcode/pkg/arch/maxProfit/solution.go:20.21,22.4 1 7
leetcode/pkg/arch/maxProfit/solution.go:22.9,22.35 1 4
leetcode/pkg/arch/maxProfit/solution.go:22.35,24.4 1 2
leetcode/pkg/arch/maxProfit/solution.go:27.2,27.15 1 2
leetcode/pkg/arch/maxSlidingWindow/solution.go:7.24,9.2 1 2
leetcode/pkg/arch/maxSlidingWindow/solution.go:11.29,13.2 1 16
leetcode/pkg/arch/maxSlidingWindow/solution.go:15.28,17.2 1 17
leetcode/pkg/arch/maxSlidingWindow/solution.go:19.34,21.2 1 9
leetcode/pkg/arch/maxSlidingWindow/solution.go:23.31,28.2 3 0
leetcode/pkg/arch/maxSlidingWindow/solution.go:30.27,35.2 3 7
leetcode/pkg/arch/maxSlidingWindow/solution.go:37.27,39.2 1 40
leetcode/pkg/arch/maxSlidingWindow/solution.go:41.29,43.2 1 16
leetcode/pkg/arch/maxSlidingWindow/solution.go:45.48,49.27 3 2
leetcode/pkg/arch/maxSlidingWindow/solution.go:49.27,50.40 1 9
leetcode/pkg/arch/maxSlidingWindow/solution.go:50.40,52.4 1 7
leetcode/pkg/arch/maxSlidingWindow/solution.go:54.3,56.23 2 9
leetcode/pkg/arch/maxSlidingWindow/solution.go:56.23,58.4 1 0
leetcode/pkg/arch/maxSlidingWindow/solution.go:60.3,60.15 1 9
leetcode/pkg/arch/maxSlidingWindow/solution.go:60.15,62.4 1 7
leetcode/pkg/arch/maxSlidingWindow/solution.go:65.2,65.12 1 2
leetcode/pkg/arch/maxVowels/solution.go:3.26,4.11 1 36
leetcode/pkg/arch/maxVowels/solution.go:5.31,6.11 1 23
leetcode/pkg/arch/maxVowels/solution.go:7.10,8.11 1 13
leetcode/pkg/arch/maxVowels/solution.go:12.37,14.23 2 3
leetcode/pkg/arch/maxVowels/solution.go:14.23,16.3 1 8
leetcode/pkg/arch/maxVowels/solution.go:18.2,19.32 2 3
leetcode/pkg/arch/maxVowels/solution.go:19.32,23.16 3 14
leetcode/pkg/arch/maxVowels/solution.go:23.16,25.4 1 2
leetcode/pkg/arch/maxVowels/solution.go:27.3,28.6 2 14
leetcode/pkg/arch/maxVowels/solution.go:31.2,31.12 1 3
leetcode/pkg/arch/maximumSum/solution.go:3.33,7.27 3 3
leetcode/pkg/arch/maximumSum/solution.go:7.27,11.15 3 32
leetcode/pkg/arch/maximumSum/solution.go:11.15,13.4 1 15
leetcode/pkg/arch/maximumSum/solution.go:15.3,15.32 1 32
leetcode/pkg/arch/maximumSum/solution.go:18.2,18.12 1 3
leetcode/pkg/arch/maximumSum/solution.go:21.27,24.12 2 32
leetcode/pkg/arch/maximumSum/solution.go:24.12,27.3 2 81
leetcode/pkg/arch/maximumSum/solution.go:29.2,29.12 1 32
leetcode/pkg/arch/maximumSum/solution.go:32.32,33.11 1 47
leetcode/pkg/arch/maximumSum/solution.go:33.11,35.3 1 20
leetcode/pkg/arch/maximumSum/solution.go:36.2,36.10 1 27
leetcode/pkg/arch/maximumUniqueSubarray/solution.go:3.44,9.39 2 5
leetcode/pkg/arch/maximumUniqueSubarray/solution.go:9.39,11.9 2 88
leetcode/pkg/arch/maximumUniqueSubarray/solution.go:11.9,12.25 1 15
leetcode/pkg/arch/maximumUniqueSubarray/solution.go:12.25,16.5 2 41
leetcode/pkg/arch/maximumUniqueSubarray/solution.go:19.3,20.16 2 88
leetcode/pkg/arch/maximumUniqueSubarray/solution.go:20.16,22.4 1 49
leetcode/pkg/arch/maximumUniqueSubarray/solution.go:24.3,24.23 1 88
leetcode/pkg/arch/maximumUniqueSubarray/solution.go:27.2,27.12 1 5
leetcode/pkg/arch/maximumWealth/solution.go:3.30,4.25 1 8
leetcode/pkg/arch/maximumWealth/solution.go:4.25,6.3 1 21
leetcode/pkg/arch/maximumWealth/solution.go:7.2,7.8 1 8
leetcode/pkg/arch/maximumWealth/solution.go:10.48,11.31 1 3
leetcode/pkg/arch/maximumWealth/solution.go:11.31,13.16 2 8
leetcode/pkg/arch/maximumWealth/solution.go:13.16,15.4 1 4
leetcode/pkg/arch/maximumWealth/solution.go:18.2,18.8 1 3
leetcode/pkg/arch/mergeAlternately/solution.go:3.58,7.36 3 3
leetcode/pkg/arch/mergeAlternately/solution.go:7.36,9.3 1 7
leetcode/pkg/arch/mergeAlternately/solution.go:11.2,11.13 1 3
leetcode/pkg/arch/mergeAlternately/solution.go:11.13,13.3 1 1
leetcode/pkg/arch/mergeAlternately/solution.go:13.8,15.3 1 2
leetcode/pkg/arch/mergeAlternately/solution.go:17.2,17.23 1 3
leetcode/pkg/arch/middleNode/solution.go:8.43,11.75 2 2
leetcode/pkg/arch/middleNode/solution.go:11.75,13.3 1 5
leetcode/pkg/arch/middleNode/solution.go:15.2,15.12 1 2
leetcode/pkg/arch/minCostClimbingStairs/solution.go:3.28,4.11 1 15
leetcode/pkg/arch/minCostClimbingStairs/solution.go:4.11,6.3 1 4
leetcode/pkg/arch/minCostClimbingStairs/solution.go:7.2,7.10 1 11
leetcode/pkg/arch/minCostClimbingStairs/solution.go:10.44,13.35 2 4
leetcode/pkg/arch/minCostClimbingStairs/solution.go:13.35,15.3 1 15
leetcode/pkg/arch/minCostClimbingStairs/solution.go:17.2,17.25 1 4
leetcode/pkg/arch/mergeTwoLists/solution.go:8.64,12.55 3 3
leetcode/pkg/arch/mergeTwoLists/solution.go:12.55,13.28 1 5
leetcode/pkg/arch/mergeTwoLists/solution.go:13.28,16.4 2 2
leetcode/pkg/arch/mergeTwoLists/solution.go:16.9,19.4 2 3
leetcode/pkg/arch/mergeTwoLists/solution.go:22.2,22.18 1 3
leetcode/pkg/arch/mergeTwoLists/solution.go:22.18,24.3 1 2
leetcode/pkg/arch/mergeTwoLists/solution.go:24.8,26.3 1 1
leetcode/pkg/arch/mergeTwoLists/solution.go:28.2,28.18 1 3
leetcode/pkg/arch/minDepth/solution.go:9.35,12.9 2 14
leetcode/pkg/arch/minDepth/solution.go:13.19,14.11 1 4
leetcode/pkg/arch/minDepth/solution.go:15.24,16.38 1 8
leetcode/pkg/arch/minDepth/solution.go:17.25,18.37 1 0
leetcode/pkg/arch/minDepth/solution.go:21.2,24.11 3 2
leetcode/pkg/arch/minDepth/solution.go:24.11,26.3 1 1
leetcode/pkg/arch/minDepth/solution.go:26.8,28.3 1 1
leetcode/pkg/arch/minDepth/solution.go:30.2,30.14 1 2
leetcode/pkg/arch/merge/solution.go:3.52,6.23 2 5
leetcode/pkg/arch/merge/solution.go:6.23,7.26 1 13
leetcode/pkg/arch/merge/solution.go:7.26,8.35 1 5
leetcode/pkg/arch/merge/solution.go:8.35,10.5 1 18
leetcode/pkg/arch/merge/solution.go:11.4,13.7 3 5
leetcode/pkg/arch/merge/solution.go:16.3,16.6 1 13
leetcode/pkg/arch/merge/solution.go:19.2,19.12 1 5
leetcode/pkg/arch/merge/solution.go:19.12,23.3 3 3
leetcode/pkg/arch/minStartValue/solution.go:3.36,6.27 3 3
leetcode/pkg/arch/minStartValue/solution.go:6.27,8.16 2 10
leetcode/pkg/arch/minStartValue/solution.go:8.16,10.4 1 4
leetcode/pkg/arch/minStartValue/solution.go:13.2,13.13 1 3
leetcode/pkg/arch/minStartValue/solution.go:13.13,15.3 1 2
leetcode/pkg/arch/minStartValue/solution.go:17.2,17.16 1 3
leetcode/pkg/arch/minDiffInBST/solution.go:18.37,21.19 2 10
leetcode/pkg/arch/minDiffInBST/solution.go:21.19,23.3 1 5
leetcode/pkg/arch/minDiffInBST/solution.go:25.2,25.15 1 10
leetcode/pkg/arch/minDiffInBST/solution.go:28.33,29.19 1 10
leetcode/pkg/arch/minDiffInBST/solution.go:29.19,31.3 1 0
leetcode/pkg/arch/minDiffInBST/solution.go:33.2,36.12 3 10
leetcode/pkg/arch/minDiffInBST/solution.go:39.32,41.2 1 12
leetcode/pkg/arch/minDiffInBST/solution.go:43.39,48.38 4 2
leetcode/pkg/arch/minDiffInBST/solution.go:48.38,49.18 1 20
leetcode/pkg/arch/minDiffInBST/solution.go:49.18,52.4 2 10
leetcode/pkg/arch/minDiffInBST/solution.go:52.9,55.42 2 10
leetcode/pkg/arch/minDiffInBST/solution.go:55.42,57.5 1 3
leetcode/pkg/arch/minDiffInBST/solution.go:59.4,60.21 2 10
leetcode/pkg/arch/minDiffInBST/solution.go:64.2,64.12 1 2
leetcode/pkg/arch/minSubArrayLen/solution.go:3.49,10.27 3 4
leetcode/pkg/arch/minSubArrayLen/solution.go:10.27,13.28 2 22
leetcode/pkg/arch/minSubArrayLen/solution.go:13.28,16.19 2 11
leetcode/pkg/arch/minSubArrayLen/solution.go:16.19,18.5 1 8
leetcode/pkg/arch/minSubArrayLen/solution.go:22.2,22.21 1 4
leetcode/pkg/arch/minSubArrayLen/solution.go:22.21,24.3 1 1
leetcode/pkg/arch/minSubArrayLen/solution.go:26.2,26.12 1 3
leetcode/pkg/arch/minimumCardPickup/solution.go:5.41,9.29 3 2
leetcode/pkg/arch/minimumCardPickup/solution.go:9.29,12.9 2 10
leetcode/pkg/arch/minimumCardPickup/solution.go:12.9,14.4 1 2
leetcode/pkg/arch/minimumCardPickup/solution.go:16.3,16.21 1 10
leetcode/pkg/arch/minimumCardPickup/solution.go:19.2,19.24 1 2
leetcode/pkg/arch/minimumCardPickup/solution.go:19.24,21.3 1 1
leetcode/pkg/arch/minimumCardPickup/solution.go:23.2,23.12 1 2
leetcode/pkg/arch/minimumCardPickup/solution.go:26.29,27.11 1 2
leetcode/pkg/arch/minimumCardPickup/solution.go:27.11,29.3 1 0
leetcode/pkg/arch/minimumCardPickup/solution.go:30.2,30.10 1 2
leetcode/pkg/arch/missingNumber/solution.go:3.36,6.27 2 3
leetcode/pkg/arch/missingNumber/solution.go:6.27,8.3 1 14
leetcode/pkg/arch/missingNumber/solution.go:10.2,10.27 1 3
leetcode/pkg/arch/missingNumber/solution.go:10.27,11.10 1 15
leetcode/pkg/arch/missingNumber/solution.go:11.10,13.4 1 3
leetcode/pkg/arch/missingNumber/solution.go:17.2,17.10 1 0
leetcode/pkg/arch/moveZeroes/solution.go:3.29,6.27 2 2
leetcode/pkg/arch/moveZeroes/solution.go:6.27,7.19 1 6
leetcode/pkg/arch/moveZeroes/solution.go:7.19,10.4 2 3
leetcode/pkg/arch/moveZeroes/solution.go:13.2,13.32 1 2
leetcode/pkg/arch/moveZeroes/solution.go:13.32,15.3 1 3
leetcode/pkg/arch/myAtoi/solution.go:8.37,9.22 1 13
leetcode/pkg/arch/myAtoi/solution.go:9.22,10.26 1 19
leetcode/pkg/arch/myAtoi/solution.go:10.26,12.4 1 12
leetcode/pkg/arch/myAtoi/solution.go:15.2,15.10 1 1
leetcode/pkg/arch/myAtoi/solution.go:18.40,21.9 2 13
leetcode/pkg/arch/myAtoi/solution.go:22.15,23.10 1 1
leetcode/pkg/arch/myAtoi/solution.go:24.32,26.12 2 5
leetcode/pkg/arch/myAtoi/solution.go:27.10,28.20 1 7
leetcode/pkg/arch/myAtoi/solution.go:31.2,31.22 1 13
leetcode/pkg/arch/myAtoi/solution.go:31.22,32.26 1 120
leetcode/pkg/arch/myAtoi/solution.go:32.26,33.9 1 4
leetcode/pkg/arch/myAtoi/solution.go:35.3,35.18 1 116
leetcode/pkg/arch/myAtoi/solution.go:38.2,38.20 1 13
leetcode/pkg/arch/myAtoi/solution.go:41.31,46.26 3 12
leetcode/pkg/arch/myAtoi/solution.go:46.26,50.12 3 97
leetcode/pkg/arch/myAtoi/solution.go:50.12,51.24 1 28
leetcode/pkg/arch/myAtoi/solution.go:51.24,53.5 1 1
leetcode/pkg/arch/myAtoi/solution.go:54.9,55.24 1 69
leetcode/pkg/arch/myAtoi/solution.go:55.24,57.5 1 2
leetcode/pkg/arch/myAtoi/solution.go:61.2,61.11 1 9
leetcode/pkg/arch/myAtoi/solution.go:61.11,63.3 1 4
leetcode/pkg/arch/myAtoi/solution.go:65.2,65.17 1 9
leetcode/pkg/arch/myAtoi/solution.go:68.27,71.13 2 13
leetcode/pkg/arch/myAtoi/solution.go:71.13,73.3 1 1
leetcode/pkg/arch/myAtoi/solution.go:75.2,75.22 1 12
[...]
leetcode/pkg/arch/repeatedCharacter/solution.go:3.39,6.19 2 2
leetcode/pkg/arch/repeatedCharacter/solution.go:6.19,8.9 2 9
leetcode/pkg/arch/repeatedCharacter/solution.go:8.9,10.4 1 2
leetcode/pkg/arch/repeatedCharacter/solution.go:11.3,11.29 1 7
leetcode/pkg/arch/repeatedCharacter/solution.go:15.2,15.10 1 0
leetcode/pkg/arch/reverse/solution.go:5.25,8.13 2 4
leetcode/pkg/arch/reverse/solution.go:8.13,12.51 3 19
leetcode/pkg/arch/reverse/solution.go:12.51,14.4 1 1
leetcode/pkg/arch/reverse/solution.go:16.3,16.19 1 18
leetcode/pkg/arch/reverse/solution.go:19.2,19.10 1 3
leetcode/pkg/arch/reverseBits/solution.go:3.37,9.15 2 2
leetcode/pkg/arch/reverseBits/solution.go:9.15,13.3 3 58
leetcode/pkg/arch/reverseBits/solution.go:15.2,15.12 1 2
leetcode/pkg/arch/reverseBetween/solution.go:8.68,10.34 1 6
leetcode/pkg/arch/reverseBetween/solution.go:10.34,12.3 1 2
leetcode/pkg/arch/reverseBetween/solution.go:14.2,15.30 2 4
leetcode/pkg/arch/reverseBetween/solution.go:15.30,18.3 2 3
leetcode/pkg/arch/reverseBetween/solution.go:20.2,23.33 3 4
leetcode/pkg/arch/reverseBetween/solution.go:23.33,28.3 4 9
leetcode/pkg/arch/reverseBetween/solution.go:30.2,30.15 1 4
leetcode/pkg/arch/reverseBetween/solution.go:30.15,32.3 1 2
leetcode/pkg/arch/reverseBetween/solution.go:32.8,34.3 1 2
leetcode/pkg/arch/reverseBetween/solution.go:36.2,38.13 2 4
leetcode/pkg/arch/reverseEvenLengthGroups/solution.go:8.28,9.37 1 5
leetcode/pkg/arch/reverseEvenLengthGroups/solution.go:9.37,13.3 3 6
leetcode/pkg/arch/reverseEvenLengthGroups/solution.go:14.2,14.12 1 5
leetcode/pkg/arch/reverseEvenLengthGroups/solution.go:17.56,27.18 8 3
leetcode/pkg/arch/reverseEvenLengthGroups/solution.go:27.18,28.19 1 19
leetcode/pkg/arch/reverseEvenLengthGroups/solution.go:28.19,29.18 1 7
leetcode/pkg/arch/reverseEvenLengthGroups/solution.go:29.18,32.5 2 3
leetcode/pkg/arch/reverseEvenLengthGroups/solution.go:32.10,35.5 2 4
leetcode/pkg/arch/reverseEvenLengthGroups/solution.go:37.4,39.11 3 7
leetcode/pkg/arch/reverseEvenLengthGroups/solution.go:40.9,42.4 1 12
leetcode/pkg/arch/reverseEvenLengthGroups/solution.go:44.3,44.14 1 19
leetcode/pkg/arch/reverseEvenLengthGroups/solution.go:44.14,46.4 1 10
leetcode/pkg/arch/reverseEvenLengthGroups/solution.go:46.9,48.4 1 9
leetcode/pkg/arch/reverseEvenLengthGroups/solution.go:50.3,50.19 1 19
leetcode/pkg/arch/reverseEvenLengthGroups/solution.go:53.2,53.43 1 3
leetcode/pkg/arch/reverseEvenLengthGroups/solution.go:53.43,55.3 1 1
leetcode/pkg/arch/reverseEvenLengthGroups/solution.go:56.2,56.42 1 3
leetcode/pkg/arch/reverseEvenLengthGroups/solution.go:56.42,58.3 1 1
leetcode/pkg/arch/reverseEvenLengthGroups/solution.go:60.2,62.31 2 3
leetcode/pkg/arch/reverseEvenLengthGroups/solution.go:62.31,63.30 1 9
leetcode/pkg/arch/reverseEvenLengthGroups/solution.go:63.30,66.4 2 18
leetcode/pkg/arch/reverseEvenLengthGroups/solution.go:69.2,69.17 1 3
leetcode/pkg/arch/reverseString/solution.go:3.30,7.12 3 2
leetcode/pkg/arch/reverseString/solution.go:7.12,11.3 3 5
leetcode/pkg/arch/reverseList/solution.go:8.44,11.33 2 3
leetcode/pkg/arch/reverseList/solution.go:11.33,14.3 2 7
leetcode/pkg/arch/reverseList/solution.go:16.2,18.39 3 3
leetcode/pkg/arch/reverseList/solution.go:18.39,21.3 2 7
leetcode/pkg/arch/reverseList/solution.go:22.2,24.18 2 3
leetcode/pkg/arch/reversePrefix/solution.go:3.49,7.22 3 3
leetcode/pkg/arch/reversePrefix/solution.go:7.22,8.20 1 12
leetcode/pkg/arch/reversePrefix/solution.go:8.20,10.9 2 2
leetcode/pkg/arch/reversePrefix/solution.go:14.2,14.28 1 3
leetcode/pkg/arch/reversePrefix/solution.go:14.28,16.3 1 9
leetcode/pkg/arch/reversePrefix/solution.go:18.2,18.39 1 3
leetcode/pkg/arch/reversePrefix/solution.go:18.39,20.3 1 8
leetcode/pkg/arch/reversePrefix/solution.go:22.2,22.20 1 3
leetcode/pkg/arch/reverseOnlyLetters/solution.go:3.27,5.2 1 48
leetcode/pkg/arch/reverseOnlyLetters/solution.go:7.42,12.6 4 4
leetcode/pkg/arch/reverseOnlyLetters/solution.go:12.6,13.43 1 19
leetcode/pkg/arch/reverseOnlyLetters/solution.go:13.43,15.4 1 6
leetcode/pkg/arch/reverseOnlyLetters/solution.go:17.3,17.39 1 19
leetcode/pkg/arch/reverseOnlyLetters/solution.go:17.39,19.4 1 6
leetcode/pkg/arch/reverseOnlyLetters/solution.go:21.3,21.12 1 19
leetcode/pkg/arch/reverseOnlyLetters/solution.go:21.12,22.9 1 4
leetcode/pkg/arch/reverseOnlyLetters/solution.go:25.3,27.6 3 15
leetcode/pkg/arch/reverseOnlyLetters/solution.go:30.2,30.20 1 4
leetcode/pkg/arch/reverseVowels/solution.go:3.29,4.13 1 20
leetcode/pkg/arch/reverseVowels/solution.go:5.31,6.14 1 10
leetcode/pkg/arch/reverseVowels/solution.go:7.31,8.14 1 2
leetcode/pkg/arch/reverseVowels/solution.go:9.10,10.15 1 8
leetcode/pkg/arch/reverseVowels/solution.go:14.37,17.46 2 3
leetcode/pkg/arch/reverseVowels/solution.go:17.46,18.21 1 15
leetcode/pkg/arch/reverseVowels/solution.go:18.21,20.12 2 7
leetcode/pkg/arch/reverseVowels/solution.go:23.3,23.12 1 8
leetcode/pkg/arch/reverseVowels/solution.go:23.12,24.12 1 4
leetcode/pkg/arch/reverseVowels/solution.go:27.3,27.29 1 4
leetcode/pkg/arch/reverseVowels/solution.go:27.30,28.4 0 1
leetcode/pkg/arch/reverseVowels/solution.go:30.3,31.6 2 4
leetcode/pkg/arch/reverseVowels/solution.go:34.2,34.23 1 3
leetcode/pkg/arch/reverseWords/solution.go:5.31,9.19 3 6
leetcode/pkg/arch/reverseWords/solution.go:9.19,11.3 1 31
leetcode/pkg/arch/reverseWords/solution.go:13.2,13.17 1 6
leetcode/pkg/arch/reverseWords/solution.go:16.36,21.19 4 2
leetcode/pkg/arch/reverseWords/solution.go:21.19,22.18 1 35
leetcode/pkg/arch/reverseWords/solution.go:22.18,27.4 4 4
leetcode/pkg/arch/reverseWords/solution.go:27.9,29.4 1 31
leetcode/pkg/arch/reverseWords/solution.go:32.2,34.20 2 2
leetcode/pkg/arch/reverseWords/solution.go:37.37,40.30 2 3
leetcode/pkg/arch/reverseWords/solution.go:40.30,41.18 1 5
leetcode/pkg/arch/reverseWords/solution.go:41.18,43.9 2 3
leetcode/pkg/arch/reverseWords/solution.go:47.2,47.35 1 3
leetcode/pkg/arch/reverseWords/solution.go:47.35,48.18 1 5
leetcode/pkg/arch/reverseWords/solution.go:48.18,50.9 2 3
leetcode/pkg/arch/reverseWords/solution.go:54.2,55.28 2 3
leetcode/pkg/arch/reverseWords/solution.go:55.28,56.29 1 9
leetcode/pkg/arch/reverseWords/solution.go:56.29,58.4 1 34
leetcode/pkg/arch/reverseWords/solution.go:60.3,63.29 3 9
leetcode/pkg/arch/reverseWords/solution.go:63.29,65.4 1 8
leetcode/pkg/arch/reverseWords/solution.go:67.3,67.8 1 9
leetcode/pkg/arch/reverseWords/solution.go:70.2,70.33 1 3
leetcode/pkg/arch/rightSideView/solution.go:9.42,12.17 2 3
leetcode/pkg/arch/rightSideView/solution.go:12.17,14.3 1 1
leetcode/pkg/arch/rightSideView/solution.go:16.2,22.21 3 2
leetcode/pkg/arch/rightSideView/solution.go:22.21,25.33 2 5
leetcode/pkg/arch/rightSideView/solution.go:25.33,29.24 3 7
leetcode/pkg/arch/rightSideView/solution.go:29.24,31.5 1 1
leetcode/pkg/arch/rightSideView/solution.go:33.4,33.25 1 7
leetcode/pkg/arch/rightSideView/solution.go:33.25,35.5 1 4
leetcode/pkg/arch/rightSideView/solution.go:38.3,38.36 1 5
leetcode/pkg/arch/rightSideView/solution.go:41.2,41.15 1 2
leetcode/pkg/arch/robotWithString/solution.go:9.32,11.2 1 26
leetcode/pkg/arch/robotWithString/solution.go:13.27,15.2 1 189
leetcode/pkg/arch/robotWithString/solution.go:17.29,19.2 1 110
leetcode/pkg/arch/robotWithString/solution.go:21.28,22.15 1 26
leetcode/pkg/arch/robotWithString/solution.go:22.15,24.3 1 0
leetcode/pkg/arch/robotWithString/solution.go:26.2,29.12 3 26
leetcode/pkg/arch/robotWithString/solution.go:32.29,33.15 1 27
leetcode/pkg/arch/robotWithString/solution.go:33.15,35.3 1 0
leetcode/pkg/arch/robotWithString/solution.go:37.2,37.26 1 27
leetcode/pkg/arch/robotWithString/solution.go:40.26,41.11 1 26
leetcode/pkg/arch/robotWithString/solution.go:41.11,43.3 1 16
leetcode/pkg/arch/robotWithString/solution.go:44.2,44.10 1 10
leetcode/pkg/arch/robotWithString/solution.go:47.39,50.35 3 5
leetcode/pkg/arch/robotWithString/solution.go:50.35,53.3 2 26
leetcode/pkg/arch/robotWithString/solution.go:55.2,59.17 4 5
leetcode/pkg/arch/robotWithString/solution.go:59.17,60.46 1 34
leetcode/pkg/arch/robotWithString/solution.go:60.46,63.12 3 26
leetcode/pkg/arch/robotWithString/solution.go:66.3,66.28 1 8
leetcode/pkg/arch/robotWithString/solution.go:69.2,69.19 1 5
leetcode/pkg/arch/robotWithString/solution.go:69.19,71.3 1 18
leetcode/pkg/arch/robotWithString/solution.go:73.2,73.20 1 5
leetcode/pkg/arch/romanToInt/solution.go:13.31,16.30 2 3
leetcode/pkg/arch/romanToInt/solution.go:16.30,17.54 1 12
leetcode/pkg/arch/romanToInt/solution.go:17.54,20.4 2 3
leetcode/pkg/arch/romanToInt/solution.go:20.9,22.4 1 9
leetcode/pkg/arch/romanToInt/solution.go:25.2,25.12 1 3
leetcode/pkg/arch/rotate/solution.go:3.32,7.35 3 2
leetcode/pkg/arch/rotate/solution.go:7.35,9.3 1 6
leetcode/pkg/arch/rotate/solution.go:11.2,11.33 1 2
leetcode/pkg/arch/rotate/solution.go:11.33,12.12 1 11
leetcode/pkg/arch/rotate/solution.go:12.12,14.4 1 5
leetcode/pkg/arch/rotate/solution.go:14.9,16.4 1 6
leetcode/pkg/arch/rotate/solution.go:20.30,23.31 2 2
leetcode/pkg/arch/rotate/solution.go:23.31,24.28 1 4
leetcode/pkg/arch/rotate/solution.go:24.28,34.4 5 6
leetcode/pkg/arch/runningSum/solution.go:3.35,4.33 1 3
leetcode/pkg/arch/runningSum/solution.go:4.33,6.3 1 11
leetcode/pkg/arch/runningSum/solution.go:8.2,8.13 1 3
leetcode/pkg/arch/searchBST/solution.go:9.51,12.18 2 2
leetcode/pkg/arch/searchBST/solution.go:12.18,13.22 1 4
leetcode/pkg/arch/searchBST/solution.go:13.22,15.4 1 1
leetcode/pkg/arch/searchBST/solution.go:17.3,17.21 1 3
leetcode/pkg/arch/searchBST/solution.go:17.21,19.4 1 2
leetcode/pkg/arch/searchBST/solution.go:19.9,21.4 1 1
leetcode/pkg/arch/searchBST/solution.go:24.2,24.12 1 1
leetcode/pkg/arch/sortedArrayToBST/solution.go:9.45,11.2 1 2
leetcode/pkg/arch/sortedArrayToBST/solution.go:13.60,14.18 1 16
leetcode/pkg/arch/sortedArrayToBST/solution.go:14.18,16.3 1 9
leetcode/pkg/arch/sortedArrayToBST/solution.go:18.2,24.13 5 7
leetcode/pkg/arch/searchRange/solution.go:3.48,5.9 2 4
leetcode/pkg/arch/searchRange/solution.go:5.9,7.3 1 2
leetcode/pkg/arch/searchRange/solution.go:9.2,10.47 2 2
leetcode/pkg/arch/searchRange/solution.go:10.47,12.3 1 3
leetcode/pkg/arch/searchRange/solution.go:14.2,15.54 2 2
leetcode/pkg/arch/searchRange/solution.go:15.54,17.3 1 2
leetcode/pkg/arch/searchRange/solution.go:19.2,19.33 1 2
leetcode/pkg/arch/searchRange/solution.go:22.55,28.13 2 4
leetcode/pkg/arch/searchRange/solution.go:28.13,31.10 2 6
leetcode/pkg/arch/searchRange/solution.go:32.26,33.18 1 2
leetcode/pkg/arch/searchRange/solution.go:34.25,35.13 1 2
leetcode/pkg/arch/searchRange/solution.go:36.11,37.13 1 2
leetcode/pkg/arch/searchRange/solution.go:41.2,41.17 1 2
leetcode/pkg/arch/simplifyPath/solution.go:12.34,15.2 2 11
leetcode/pkg/arch/simplifyPath/solution.go:17.30,18.15 1 4
leetcode/pkg/arch/simplifyPath/solution.go:18.15,20.3 1 1
leetcode/pkg/arch/simplifyPath/solution.go:22.2,27.12 4 3
leetcode/pkg/arch/simplifyPath/solution.go:30.39,34.45 3 7
leetcode/pkg/arch/simplifyPath/solution.go:34.45,35.26 1 34
leetcode/pkg/arch/simplifyPath/solution.go:35.26,36.12 1 19
leetcode/pkg/arch/simplifyPath/solution.go:39.3,39.16 1 15
leetcode/pkg/arch/simplifyPath/solution.go:39.16,41.12 2 4
leetcode/pkg/arch/simplifyPath/solution.go:44.3,44.16 1 11
leetcode/pkg/arch/simplifyPath/solution.go:47.2,47.31 1 7
leetcode/pkg/arch/simplifyPath/solution.go:47.31,50.3 2 8
leetcode/pkg/arch/simplifyPath/solution.go:52.2,52.26 1 7
leetcode/pkg/arch/simplifyPath/solution.go:52.26,54.3 1 2
leetcode/pkg/arch/simplifyPath/solution.go:56.2,56.25 1 5
leetcode/pkg/arch/singleNumber/solution.go:3.35,6.33 2 3
leetcode/pkg/arch/singleNumber/solution.go:6.33,8.3 1 6
leetcode/pkg/arch/singleNumber/solution.go:10.2,10.10 1 3
leetcode/pkg/arch/sortedSquares/solution.go:3.23,4.13 1 20
leetcode/pkg/arch/sortedSquares/solution.go:4.13,6.3 1 8
leetcode/pkg/arch/sortedSquares/solution.go:7.2,7.12 1 12
leetcode/pkg/arch/sortedSquares/solution.go:10.38,16.38 4 2
leetcode/pkg/arch/sortedSquares/solution.go:16.38,17.34 1 10
leetcode/pkg/arch/sortedSquares/solution.go:17.34,20.4 2 4
leetcode/pkg/arch/sortedSquares/solution.go:20.9,23.4 2 6
leetcode/pkg/arch/sortedSquares/solution.go:26.2,26.12 1 2
leetcode/pkg/arch/strStr/solution.go:3.49,4.50 1 3
leetcode/pkg/arch/strStr/solution.go:4.50,5.36 1 6
leetcode/pkg/arch/strStr/solution.go:5.36,6.34 1 12
leetcode/pkg/arch/strStr/solution.go:6.34,7.10 1 4
leetcode/pkg/arch/strStr/solution.go:10.4,10.26 1 8
leetcode/pkg/arch/strStr/solution.go:10.26,12.5 1 2
leetcode/pkg/arch/strStr/solution.go:16.2,16.11 1 1
leetcode/pkg/arch/spiralOrder/solution.go:3.40,12.29 2 2
leetcode/pkg/arch/spiralOrder/solution.go:12.29,13.32 1 6
leetcode/pkg/arch/spiralOrder/solution.go:13.32,17.4 3 15
leetcode/pkg/arch/spiralOrder/solution.go:19.3,21.32 2 6
leetcode/pkg/arch/spiralOrder/solution.go:21.32,25.4 3 6
leetcode/pkg/arch/spiralOrder/solution.go:27.3,29.19 2 6
leetcode/pkg/arch/spiralOrder/solution.go:32.2,32.12 1 2
leetcode/pkg/arch/subarraySum/solution.go:3.41,8.27 4 4
leetcode/pkg/arch/subarraySum/solution.go:8.27,12.3 3 12
leetcode/pkg/arch/subarraySum/solution.go:14.2,14.12 1 4
leetcode/pkg/arch/successfulPairs/solution.go:7.64,10.13 2 6
leetcode/pkg/arch/successfulPairs/solution.go:10.13,13.47 2 15
leetcode/pkg/arch/successfulPairs/solution.go:13.47,15.4 1 10
leetcode/pkg/arch/successfulPairs/solution.go:15.9,17.4 1 5
leetcode/pkg/arch/successfulPairs/solution.go:20.2,20.10 1 6
leetcode/pkg/arch/successfulPairs/solution.go:23.72,29.31 4 2
leetcode/pkg/arch/successfulPairs/solution.go:29.31,31.3 1 6
leetcode/pkg/arch/successfulPairs/solution.go:33.2,33.12 1 2
leetcode/pkg/arch/sumOfUnique/solution.go:3.34,6.27 2 3
leetcode/pkg/arch/sumOfUnique/solution.go:6.27,8.3 1 14
leetcode/pkg/arch/sumOfUnique/solution.go:10.2,11.28 2 3
leetcode/pkg/arch/sumOfUnique/solution.go:11.28,12.15 1 303
leetcode/pkg/arch/sumOfUnique/solution.go:12.15,14.4 1 7
leetcode/pkg/arch/sumOfUnique/solution.go:17.2,17.12 1 3
leetcode/pkg/arch/sum/solution.go:3.34,5.2 1 2
leetcode/pkg/arch/swapPairs/solution.go:8.42,9.37 1 3
leetcode/pkg/arch/swapPairs/solution.go:9.37,11.3 1 2
leetcode/pkg/arch/swapPairs/solution.go:13.2,16.38 3 1
leetcode/pkg/arch/swapPairs/solution.go:16.38,17.18 1 2
leetcode/pkg/arch/swapPairs/solution.go:17.18,19.4 1 1
leetcode/pkg/arch/swapPairs/solution.go:21.3,26.14 5 2
leetcode/pkg/arch/swapPairs/solution.go:29.2,29.14 1 1
leetcode/pkg/arch/swapNodes/solution.go:8.49,11.25 2 2
leetcode/pkg/arch/swapNodes/solution.go:11.25,13.3 1 5
leetcode/pkg/arch/swapNodes/solution.go:14.2,16.23 2 2
leetcode/pkg/arch/swapNodes/solution.go:16.23,19.3 2 8
leetcode/pkg/arch/swapNodes/solution.go:20.2,24.13 3 2
leetcode/pkg/arch/summaryRanges/solution.go:5.41,6.20 1 3
leetcode/pkg/arch/summaryRanges/solution.go:6.20,8.3 1 1
leetcode/pkg/arch/summaryRanges/solution.go:10.2,15.27 4 2
leetcode/pkg/arch/summaryRanges/solution.go:15.27,16.15 1 13
leetcode/pkg/arch/summaryRanges/solution.go:16.15,17.14 1 5
leetcode/pkg/arch/summaryRanges/solution.go:17.14,19.5 1 2
leetcode/pkg/arch/summaryRanges/solution.go:19.10,21.5 1 3
leetcode/pkg/arch/summaryRanges/solution.go:23.4,24.11 2 5
leetcode/pkg/arch/summaryRanges/solution.go:27.3,28.6 2 13
leetcode/pkg/arch/summaryRanges/solution.go:31.2,31.12 1 2
leetcode/pkg/arch/summaryRanges/solution.go:31.12,33.3 1 1
leetcode/pkg/arch/summaryRanges/solution.go:33.8,35.3 1 1
leetcode/pkg/arch/summaryRanges/solution.go:37.2,37.12 1 2
leetcode/pkg/arch/tribonacci/solution.go:3.28,6.19 2 5
leetcode/pkg/arch/tribonacci/solution.go:6.19,8.3 1 25
leetcode/pkg/arch/tribonacci/solution.go:10.2,10.15 1 5
leetcode/pkg/arch/totalCost/solution.go:5.58,9.34 2 4
leetcode/pkg/arch/totalCost/solution.go:9.34,11.3 1 21
leetcode/pkg/arch/totalCost/solution.go:14.2,14.72 1 4
leetcode/pkg/arch/totalCost/solution.go:14.72,16.3 1 19
leetcode/pkg/arch/totalCost/solution.go:18.2,21.25 3 4
leetcode/pkg/arch/totalCost/solution.go:21.25,26.20 4 49
leetcode/pkg/arch/totalCost/solution.go:26.20,27.16 1 26
leetcode/pkg/arch/totalCost/solution.go:27.16,30.5 2 14
leetcode/pkg/arch/totalCost/solution.go:30.10,33.5 2 12
leetcode/pkg/arch/totalCost/solution.go:37.2,37.19 1 4
leetcode/pkg/arch/totalCost/solution.go:47.29,47.47 1 115
leetcode/pkg/arch/totalCost/solution.go:49.39,50.34 1 338
leetcode/pkg/arch/totalCost/solution.go:50.34,52.3 1 7
leetcode/pkg/arch/totalCost/solution.go:53.2,53.36 1 331
leetcode/pkg/arch/totalCost/solution.go:56.34,56.73 1 217
leetcode/pkg/arch/totalCost/solution.go:58.39,60.2 1 66
leetcode/pkg/arch/totalCost/solution.go:62.37,66.2 3 49
leetcode/pkg/arch/totalCost/solution.go:68.25,69.11 1 4
leetcode/pkg/arch/totalCost/solution.go:69.11,71.3 1 1
leetcode/pkg/arch/totalCost/solution.go:72.2,72.10 1 3
leetcode/pkg/arch/twoSum/solution.go:3.43,6.27 2 3
leetcode/pkg/arch/twoSum/solution.go:6.27,8.9 2 7
leetcode/pkg/arch/twoSum/solution.go:8.9,10.4 1 3
leetcode/pkg/arch/twoSum/solution.go:12.3,12.16 1 4
leetcode/pkg/arch/twoSum/solution.go:15.2,15.13 1 0
leetcode/pkg/arch/twoSum/solution.go:18.47,22.12 3 3
leetcode/pkg/arch/twoSum/solution.go:22.12,25.10 2 5
leetcode/pkg/arch/twoSum/solution.go:26.22,27.30 1 3
leetcode/pkg/arch/twoSum/solution.go:28.21,29.7 1 2
leetcode/pkg/arch/twoSum/solution.go:30.11,31.7 1 0
leetcode/pkg/arch/twoSum/solution.go:36.2,36.22 1 0
leetcode/pkg/arch/uniqueOccurrences/solution.go:3.40,7.26 3 3
leetcode/pkg/arch/uniqueOccurrences/solution.go:7.26,9.3 1 18
leetcode/pkg/arch/uniqueOccurrences/solution.go:11.2,11.24 1 3
leetcode/pkg/arch/uniqueOccurrences/solution.go:11.24,13.9 2 9
leetcode/pkg/arch/uniqueOccurrences/solution.go:13.9,15.4 1 1
leetcode/pkg/arch/uniqueOccurrences/solution.go:16.3,16.22 1 8
leetcode/pkg/arch/uniqueOccurrences/solution.go:19.2,19.13 1 2
leetcode/pkg/arch/validateStackSequences/solution.go:3.62,7.29 3 2
leetcode/pkg/arch/validateStackSequences/solution.go:7.29,10.58 2 10
leetcode/pkg/arch/validateStackSequences/solution.go:10.58,13.4 2 8
leetcode/pkg/arch/validateStackSequences/solution.go:16.2,16.25 1 2
leetcode/pkg/arch/waysToSplitArray/solution.go:3.39,5.27 2 2
leetcode/pkg/arch/waysToSplitArray/solution.go:5.27,7.3 1 8
leetcode/pkg/arch/waysToSplitArray/solution.go:9.2,10.41 2 2
leetcode/pkg/arch/waysToSplitArray/solution.go:10.41,13.19 3 6
leetcode/pkg/arch/waysToSplitArray/solution.go:13.19,15.4 1 4
leetcode/pkg/arch/waysToSplitArray/solution.go:18.2,18.12 1 2
leetcode/pkg/arch/winnerOfGame/solution.go:3.39,6.37 2 3
leetcode/pkg/arch/winnerOfGame/solution.go:6.37,7.59 1 14
leetcode/pkg/arch/winnerOfGame/solution.go:7.59,8.24 1 7
leetcode/pkg/arch/winnerOfGame/solution.go:8.24,10.5 1 2
leetcode/pkg/arch/winnerOfGame/solution.go:10.10,12.5 1 5
leetcode/pkg/arch/winnerOfGame/solution.go:16.2,16.22 1 3
leetcode/pkg/arch/wordPattern/solution.go:5.49,8.32 2 4
leetcode/pkg/arch/wordPattern/solution.go:8.32,10.3 1 0
leetcode/pkg/arch/wordPattern/solution.go:12.2,15.28 3 4
leetcode/pkg/arch/wordPattern/solution.go:15.28,19.11 3 12
leetcode/pkg/arch/wordPattern/solution.go:19.11,21.4 1 7
leetcode/pkg/arch/wordPattern/solution.go:22.3,22.11 1 12
leetcode/pkg/arch/wordPattern/solution.go:22.11,24.4 1 8
leetcode/pkg/arch/wordPattern/solution.go:26.3,26.49 1 12
leetcode/pkg/arch/wordPattern/solution.go:26.49,28.4 1 3
leetcode/pkg/arch/wordPattern/solution.go:31.2,31.13 1 1
leetcode/pkg/arch/zigzagLevelOrder/solution.go:9.47,12.17 2 3
leetcode/pkg/arch/zigzagLevelOrder/solution.go:12.17,14.3 1 1
leetcode/pkg/arch/zigzagLevelOrder/solution.go:16.2,17.42 2 2
leetcode/pkg/arch/zigzagLevelOrder/solution.go:17.42,21.34 3 4
leetcode/pkg/arch/zigzagLevelOrder/solution.go:21.34,25.20 3 6
leetcode/pkg/arch/zigzagLevelOrder/solution.go:25.20,27.5 1 4
leetcode/pkg/arch/zigzagLevelOrder/solution.go:27.10,29.5 1 2
leetcode/pkg/arch/zigzagLevelOrder/solution.go:31.4,33.24 2 6
leetcode/pkg/arch/zigzagLevelOrder/solution.go:33.24,35.5 1 2
leetcode/pkg/arch/zigzagLevelOrder/solution.go:37.4,37.25 1 6
leetcode/pkg/arch/zigzagLevelOrder/solution.go:37.25,39.5 1 2
leetcode/pkg/arch/zigzagLevelOrder/solution.go:42.3,42.31 1 4
leetcode/pkg/arch/zigzagLevelOrder/solution.go:45.2,45.15 1 2
